mode: set
sanbright/go_shortener/internal/app/entity/shortLinkEntity.go:15.87,23.2 1 0
sanbright/go_shortener/internal/app/generator/cryptGenerator.go:16.52,18.2 1 0
sanbright/go_shortener/internal/app/generator/cryptGenerator.go:20.68,23.16 3 0
sanbright/go_shortener/internal/app/generator/cryptGenerator.go:23.16,25.3 1 0
sanbright/go_shortener/internal/app/generator/cryptGenerator.go:27.2,29.55 3 0
sanbright/go_shortener/internal/app/generator/cryptGenerator.go:29.55,31.3 1 0
sanbright/go_shortener/internal/app/generator/cryptGenerator.go:33.2,36.59 3 0
sanbright/go_shortener/internal/app/generator/cryptGenerator.go:39.68,41.16 2 0
sanbright/go_shortener/internal/app/generator/cryptGenerator.go:41.16,43.3 1 0
sanbright/go_shortener/internal/app/generator/cryptGenerator.go:45.2,46.16 2 0
sanbright/go_shortener/internal/app/generator/cryptGenerator.go:46.16,48.3 1 0
sanbright/go_shortener/internal/app/generator/cryptGenerator.go:50.2,50.37 1 0
sanbright/go_shortener/internal/app/generator/cryptGenerator.go:50.37,52.3 1 0
sanbright/go_shortener/internal/app/generator/cryptGenerator.go:54.2,60.32 5 0
sanbright/go_shortener/internal/app/generator/shortLinkGenerator.go:13.60,15.2 1 0
sanbright/go_shortener/internal/app/generator/shortLinkGenerator.go:17.60,19.2 1 0
sanbright/go_shortener/cmd/shortener/main.go:25.47,37.2 5 0
sanbright/go_shortener/cmd/shortener/main.go:39.32,41.16 2 0
sanbright/go_shortener/cmd/shortener/main.go:41.16,42.13 1 0
sanbright/go_shortener/cmd/shortener/main.go:45.2,45.15 1 0
sanbright/go_shortener/cmd/shortener/main.go:48.13,52.16 3 0
sanbright/go_shortener/cmd/shortener/main.go:52.16,54.3 1 0
sanbright/go_shortener/cmd/shortener/main.go:56.2,83.16 24 0
sanbright/go_shortener/cmd/shortener/main.go:83.16,85.3 1 0
sanbright/go_shortener/internal/app/middleware/auth.go:10.80,11.30 1 0
sanbright/go_shortener/internal/app/middleware/auth.go:11.30,13.17 2 0
sanbright/go_shortener/internal/app/middleware/auth.go:13.17,18.43 2 0
sanbright/go_shortener/internal/app/middleware/auth.go:18.43,22.5 1 0
sanbright/go_shortener/internal/app/middleware/auth.go:24.4,26.10 3 0
sanbright/go_shortener/internal/app/middleware/auth.go:29.3,36.11 4 0
sanbright/go_shortener/internal/app/middleware/authGen.go:10.98,11.30 1 0
sanbright/go_shortener/internal/app/middleware/authGen.go:11.30,13.17 2 0
sanbright/go_shortener/internal/app/middleware/authGen.go:13.17,18.43 2 0
sanbright/go_shortener/internal/app/middleware/authGen.go:18.43,22.5 1 0
sanbright/go_shortener/internal/app/middleware/authGen.go:24.4,31.5 4 0
sanbright/go_shortener/internal/app/middleware/authGen.go:34.3,43.11 4 0
sanbright/go_shortener/internal/app/middleware/logger.go:9.49,10.30 1 0
sanbright/go_shortener/internal/app/middleware/logger.go:10.30,28.3 5 0
sanbright/go_shortener/internal/app/repository/error/dbError.go:10.48,12.2 1 0
sanbright/go_shortener/internal/app/repository/error/dbError.go:14.60,19.2 1 0
sanbright/go_shortener/internal/app/service/readShortLinkService.go:13.104,15.2 1 0
sanbright/go_shortener/internal/app/service/readShortLinkService.go:17.104,19.2 1 0
sanbright/go_shortener/internal/app/service/readShortLinkService.go:21.100,23.2 1 0
sanbright/go_shortener/internal/app/service/writeShortLinkService.go:21.175,23.2 1 0
sanbright/go_shortener/internal/app/service/writeShortLinkService.go:25.103,30.16 3 0
sanbright/go_shortener/internal/app/service/writeShortLinkService.go:30.16,33.31 2 0
sanbright/go_shortener/internal/app/service/writeShortLinkService.go:33.31,37.4 2 0
sanbright/go_shortener/internal/app/service/writeShortLinkService.go:39.3,39.18 1 0
sanbright/go_shortener/internal/app/service/writeShortLinkService.go:42.2,42.29 1 0
sanbright/go_shortener/internal/app/service/writeShortLinkService.go:45.117,48.33 2 0
sanbright/go_shortener/internal/app/service/writeShortLinkService.go:48.33,55.3 1 0
sanbright/go_shortener/internal/app/service/writeShortLinkService.go:57.2,59.16 2 0
sanbright/go_shortener/internal/app/service/writeShortLinkService.go:59.16,61.3 1 0
sanbright/go_shortener/internal/app/service/writeShortLinkService.go:63.2,63.20 1 0
sanbright/go_shortener/internal/app/service/writeShortLinkService.go:66.100,70.42 4 0
sanbright/go_shortener/internal/app/service/writeShortLinkService.go:70.42,73.13 2 0
sanbright/go_shortener/internal/app/service/writeShortLinkService.go:73.13,75.4 1 0
sanbright/go_shortener/internal/app/service/writeShortLinkService.go:75.9,79.4 3 0
sanbright/go_shortener/internal/app/service/writeShortLinkService.go:83.2,84.20 2 0
sanbright/go_shortener/internal/app/service/writeShortLinkService.go:84.20,87.3 2 0
sanbright/go_shortener/internal/app/service/writeShortLinkService.go:89.2,92.41 4 0
sanbright/go_shortener/internal/app/service/writeShortLinkService.go:92.41,94.3 1 0
sanbright/go_shortener/internal/app/service/writeShortLinkService.go:96.2,96.21 1 0
sanbright/go_shortener/internal/app/service/writeShortLinkService.go:99.86,101.12 2 0
sanbright/go_shortener/internal/app/service/writeShortLinkService.go:101.12,103.32 2 0
sanbright/go_shortener/internal/app/service/writeShortLinkService.go:103.32,105.4 1 0
sanbright/go_shortener/internal/app/service/writeShortLinkService.go:108.2,108.14 1 0
sanbright/go_shortener/internal/app/service/writeShortLinkService.go:111.111,114.12 2 0
sanbright/go_shortener/internal/app/service/writeShortLinkService.go:114.12,116.32 2 0
sanbright/go_shortener/internal/app/service/writeShortLinkService.go:116.32,118.18 2 0
sanbright/go_shortener/internal/app/service/writeShortLinkService.go:118.18,126.5 2 0
sanbright/go_shortener/internal/app/service/writeShortLinkService.go:128.4,128.23 1 0
sanbright/go_shortener/internal/app/service/writeShortLinkService.go:132.2,132.14 1 0
sanbright/go_shortener/internal/app/service/writeShortLinkService.go:135.81,139.34 3 0
sanbright/go_shortener/internal/app/service/writeShortLinkService.go:139.34,140.20 1 0
sanbright/go_shortener/internal/app/service/writeShortLinkService.go:140.20,142.4 1 0
sanbright/go_shortener/internal/app/service/writeShortLinkService.go:143.3,143.12 1 0
sanbright/go_shortener/internal/app/service/writeShortLinkService.go:146.2,147.24 2 0
sanbright/go_shortener/internal/app/service/writeShortLinkService.go:147.24,149.3 1 0
sanbright/go_shortener/internal/app/service/writeShortLinkService.go:151.2,151.12 1 0
sanbright/go_shortener/internal/app/service/writeShortLinkService.go:151.12,154.3 2 0
sanbright/go_shortener/internal/app/service/writeShortLinkService.go:156.2,156.14 1 0
sanbright/go_shortener/internal/config/config.go:35.111,37.29 1 0
sanbright/go_shortener/internal/config/config.go:37.29,39.3 1 0
sanbright/go_shortener/internal/config/config.go:41.2,41.23 1 0
sanbright/go_shortener/internal/config/config.go:41.23,43.3 1 0
sanbright/go_shortener/internal/config/config.go:45.2,45.27 1 0
sanbright/go_shortener/internal/config/config.go:45.27,47.3 1 0
sanbright/go_shortener/internal/config/config.go:49.2,49.27 1 0
sanbright/go_shortener/internal/config/config.go:49.27,51.17 2 0
sanbright/go_shortener/internal/config/config.go:51.17,53.4 1 0
sanbright/go_shortener/internal/config/config.go:54.3,54.46 1 0
sanbright/go_shortener/internal/config/config.go:57.2,63.16 6 0
sanbright/go_shortener/internal/config/config.go:63.16,65.3 1 0
sanbright/go_shortener/internal/config/config.go:67.2,68.16 2 0
sanbright/go_shortener/internal/config/config.go:68.16,70.3 1 0
sanbright/go_shortener/internal/config/config.go:72.2,83.8 6 0
sanbright/go_shortener/internal/config/config.go:86.43,91.2 3 0
sanbright/go_shortener/internal/config/config.go:93.51,95.16 2 0
sanbright/go_shortener/internal/config/config.go:95.16,97.3 1 0
sanbright/go_shortener/internal/config/config.go:99.2,102.12 3 0
sanbright/go_shortener/internal/config/config.go:105.40,107.2 1 0
sanbright/go_shortener/internal/config/config.go:109.48,113.2 2 0
sanbright/go_shortener/internal/app/repository/repositoryResolver.go:41.78,43.2 1 0
sanbright/go_shortener/internal/app/repository/repositoryResolver.go:45.68,46.35 1 0
sanbright/go_shortener/internal/app/repository/repositoryResolver.go:46.35,49.16 2 0
sanbright/go_shortener/internal/app/repository/repositoryResolver.go:49.16,52.18 2 0
sanbright/go_shortener/internal/app/repository/repositoryResolver.go:52.18,54.5 1 0
sanbright/go_shortener/internal/app/repository/repositoryResolver.go:56.4,58.44 3 0
sanbright/go_shortener/internal/app/repository/repositoryResolver.go:62.2,62.35 1 0
sanbright/go_shortener/internal/app/repository/repositoryResolver.go:62.35,64.17 2 0
sanbright/go_shortener/internal/app/repository/repositoryResolver.go:64.17,66.4 1 0
sanbright/go_shortener/internal/app/repository/repositoryResolver.go:68.3,68.31 1 0
sanbright/go_shortener/internal/app/repository/repositoryResolver.go:68.31,71.4 2 0
sanbright/go_shortener/internal/app/repository/repositoryResolver.go:74.2,75.38 2 0
sanbright/go_shortener/internal/app/repository/repositoryResolver.go:78.47,79.17 1 0
sanbright/go_shortener/internal/app/repository/repositoryResolver.go:79.17,81.3 1 0
sanbright/go_shortener/internal/app/repository/repositoryResolver.go:83.2,84.16 2 0
sanbright/go_shortener/internal/app/repository/repositoryResolver.go:84.16,87.3 2 0
sanbright/go_shortener/internal/app/repository/repositoryResolver.go:89.2,89.16 1 0
sanbright/go_shortener/internal/app/repository/shortLinkDBRepository.go:20.67,22.2 1 0
sanbright/go_shortener/internal/app/repository/shortLinkDBRepository.go:24.118,35.35 3 0
sanbright/go_shortener/internal/app/repository/shortLinkDBRepository.go:35.35,37.3 1 0
sanbright/go_shortener/internal/app/repository/shortLinkDBRepository.go:39.2,39.16 1 0
sanbright/go_shortener/internal/app/repository/shortLinkDBRepository.go:39.16,40.74 1 0
sanbright/go_shortener/internal/app/repository/shortLinkDBRepository.go:40.74,42.4 1 0
sanbright/go_shortener/internal/app/repository/shortLinkDBRepository.go:44.3,44.18 1 0
sanbright/go_shortener/internal/app/repository/shortLinkDBRepository.go:47.2,47.32 1 0
sanbright/go_shortener/internal/app/repository/shortLinkDBRepository.go:50.103,65.35 3 0
sanbright/go_shortener/internal/app/repository/shortLinkDBRepository.go:65.35,67.3 1 0
sanbright/go_shortener/internal/app/repository/shortLinkDBRepository.go:69.2,69.30 1 0
sanbright/go_shortener/internal/app/repository/shortLinkDBRepository.go:72.91,88.35 3 0
sanbright/go_shortener/internal/app/repository/shortLinkDBRepository.go:88.35,90.3 1 0
sanbright/go_shortener/internal/app/repository/shortLinkDBRepository.go:92.2,92.30 1 0
sanbright/go_shortener/internal/app/repository/shortLinkDBRepository.go:95.100,110.35 3 0
sanbright/go_shortener/internal/app/repository/shortLinkDBRepository.go:110.35,112.3 1 0
sanbright/go_shortener/internal/app/repository/shortLinkDBRepository.go:114.2,114.32 1 0
sanbright/go_shortener/internal/app/repository/shortLinkDBRepository.go:117.111,120.16 2 0
sanbright/go_shortener/internal/app/repository/shortLinkDBRepository.go:120.16,122.3 1 0
sanbright/go_shortener/internal/app/repository/shortLinkDBRepository.go:124.2,126.31 2 0
sanbright/go_shortener/internal/app/repository/shortLinkDBRepository.go:126.31,137.17 3 0
sanbright/go_shortener/internal/app/repository/shortLinkDBRepository.go:137.17,138.75 1 0
sanbright/go_shortener/internal/app/repository/shortLinkDBRepository.go:138.75,140.5 1 0
sanbright/go_shortener/internal/app/repository/shortLinkDBRepository.go:142.4,142.19 1 0
sanbright/go_shortener/internal/app/repository/shortLinkDBRepository.go:146.2,148.25 2 0
sanbright/go_shortener/internal/app/repository/shortLinkDBRepository.go:151.88,157.42 5 0
sanbright/go_shortener/internal/app/repository/shortLinkDBRepository.go:157.42,161.3 3 0
sanbright/go_shortener/internal/app/repository/shortLinkDBRepository.go:162.2,165.16 2 0
sanbright/go_shortener/internal/app/repository/shortLinkDBRepository.go:165.16,167.3 1 0
sanbright/go_shortener/internal/app/repository/shortLinkDBRepository.go:169.2,169.12 1 0
sanbright/go_shortener/internal/app/repository/shortLinkMemoryRepository.go:15.58,19.2 1 0
sanbright/go_shortener/internal/app/repository/shortLinkMemoryRepository.go:21.107,22.62 1 0
sanbright/go_shortener/internal/app/repository/shortLinkMemoryRepository.go:22.62,24.3 1 0
sanbright/go_shortener/internal/app/repository/shortLinkMemoryRepository.go:26.2,26.66 1 0
sanbright/go_shortener/internal/app/repository/shortLinkMemoryRepository.go:29.95,30.31 1 0
sanbright/go_shortener/internal/app/repository/shortLinkMemoryRepository.go:30.31,31.19 1 0
sanbright/go_shortener/internal/app/repository/shortLinkMemoryRepository.go:31.19,33.4 1 0
sanbright/go_shortener/internal/app/repository/shortLinkMemoryRepository.go:36.2,36.58 1 0
sanbright/go_shortener/internal/app/repository/shortLinkMemoryRepository.go:39.104,42.31 2 0
sanbright/go_shortener/internal/app/repository/shortLinkMemoryRepository.go:42.31,43.23 1 0
sanbright/go_shortener/internal/app/repository/shortLinkMemoryRepository.go:43.23,45.4 1 0
sanbright/go_shortener/internal/app/repository/shortLinkMemoryRepository.go:48.2,48.25 1 0
sanbright/go_shortener/internal/app/repository/shortLinkMemoryRepository.go:51.122,54.18 2 0
sanbright/go_shortener/internal/app/repository/shortLinkMemoryRepository.go:54.18,56.3 1 0
sanbright/go_shortener/internal/app/repository/shortLinkMemoryRepository.go:58.2,60.35 2 0
sanbright/go_shortener/internal/app/repository/shortLinkMemoryRepository.go:63.115,64.31 1 0
sanbright/go_shortener/internal/app/repository/shortLinkMemoryRepository.go:64.31,67.17 2 0
sanbright/go_shortener/internal/app/repository/shortLinkMemoryRepository.go:67.17,69.4 1 0
sanbright/go_shortener/internal/app/repository/shortLinkMemoryRepository.go:72.2,72.25 1 0
sanbright/go_shortener/internal/app/repository/shortLinkMemoryRepository.go:75.92,76.42 1 0
sanbright/go_shortener/internal/app/repository/shortLinkMemoryRepository.go:76.42,78.3 1 0
sanbright/go_shortener/internal/app/repository/shortLinkMemoryRepository.go:80.2,80.12 1 0
sanbright/go_shortener/internal/app/repository/shortLinkStorageRepository.go:22.86,24.16 2 0
sanbright/go_shortener/internal/app/repository/shortLinkStorageRepository.go:24.16,26.3 1 0
sanbright/go_shortener/internal/app/repository/shortLinkStorageRepository.go:28.2,28.53 1 0
sanbright/go_shortener/internal/app/repository/shortLinkStorageRepository.go:31.108,35.16 3 0
sanbright/go_shortener/internal/app/repository/shortLinkStorageRepository.go:35.16,37.3 1 0
sanbright/go_shortener/internal/app/repository/shortLinkStorageRepository.go:39.2,40.21 2 0
sanbright/go_shortener/internal/app/repository/shortLinkStorageRepository.go:40.21,41.50 1 0
sanbright/go_shortener/internal/app/repository/shortLinkStorageRepository.go:41.50,43.18 2 0
sanbright/go_shortener/internal/app/repository/shortLinkStorageRepository.go:43.18,45.5 1 0
sanbright/go_shortener/internal/app/repository/shortLinkStorageRepository.go:47.4,47.32 1 0
sanbright/go_shortener/internal/app/repository/shortLinkStorageRepository.go:51.2,51.38 1 0
sanbright/go_shortener/internal/app/repository/shortLinkStorageRepository.go:51.38,53.3 1 0
sanbright/go_shortener/internal/app/repository/shortLinkStorageRepository.go:55.2,55.17 1 0
sanbright/go_shortener/internal/app/repository/shortLinkStorageRepository.go:58.96,62.16 3 0
sanbright/go_shortener/internal/app/repository/shortLinkStorageRepository.go:62.16,64.3 1 0
sanbright/go_shortener/internal/app/repository/shortLinkStorageRepository.go:66.2,67.21 2 0
sanbright/go_shortener/internal/app/repository/shortLinkStorageRepository.go:67.21,68.44 1 0
sanbright/go_shortener/internal/app/repository/shortLinkStorageRepository.go:68.44,70.18 2 0
sanbright/go_shortener/internal/app/repository/shortLinkStorageRepository.go:70.18,72.5 1 0
sanbright/go_shortener/internal/app/repository/shortLinkStorageRepository.go:74.4,74.32 1 0
sanbright/go_shortener/internal/app/repository/shortLinkStorageRepository.go:78.2,78.38 1 0
sanbright/go_shortener/internal/app/repository/shortLinkStorageRepository.go:78.38,80.3 1 0
sanbright/go_shortener/internal/app/repository/shortLinkStorageRepository.go:82.2,82.17 1 0
sanbright/go_shortener/internal/app/repository/shortLinkStorageRepository.go:85.105,90.16 4 0
sanbright/go_shortener/internal/app/repository/shortLinkStorageRepository.go:90.16,92.3 1 0
sanbright/go_shortener/internal/app/repository/shortLinkStorageRepository.go:94.2,95.21 2 0
sanbright/go_shortener/internal/app/repository/shortLinkStorageRepository.go:95.21,96.54 1 0
sanbright/go_shortener/internal/app/repository/shortLinkStorageRepository.go:96.54,98.18 2 0
sanbright/go_shortener/internal/app/repository/shortLinkStorageRepository.go:98.18,100.5 1 0
sanbright/go_shortener/internal/app/repository/shortLinkStorageRepository.go:102.4,102.52 1 0
sanbright/go_shortener/internal/app/repository/shortLinkStorageRepository.go:106.2,106.25 1 0
sanbright/go_shortener/internal/app/repository/shortLinkStorageRepository.go:109.123,112.18 2 0
sanbright/go_shortener/internal/app/repository/shortLinkStorageRepository.go:112.18,114.3 1 0
sanbright/go_shortener/internal/app/repository/shortLinkStorageRepository.go:116.2,120.16 3 0
sanbright/go_shortener/internal/app/repository/shortLinkStorageRepository.go:120.16,122.3 1 0
sanbright/go_shortener/internal/app/repository/shortLinkStorageRepository.go:124.2,126.16 2 0
sanbright/go_shortener/internal/app/repository/shortLinkStorageRepository.go:126.16,128.3 1 0
sanbright/go_shortener/internal/app/repository/shortLinkStorageRepository.go:130.2,130.32 1 0
sanbright/go_shortener/internal/app/repository/shortLinkStorageRepository.go:133.116,134.31 1 0
sanbright/go_shortener/internal/app/repository/shortLinkStorageRepository.go:134.31,137.17 2 0
sanbright/go_shortener/internal/app/repository/shortLinkStorageRepository.go:137.17,139.4 1 0
sanbright/go_shortener/internal/app/repository/shortLinkStorageRepository.go:142.2,142.25 1 0
sanbright/go_shortener/internal/app/repository/shortLinkStorageRepository.go:145.93,147.2 1 0
sanbright/go_shortener/cmd/shortener/main.go:25.47,37.2 5 0
sanbright/go_shortener/cmd/shortener/main.go:39.32,41.16 2 0
sanbright/go_shortener/cmd/shortener/main.go:41.16,42.13 1 0
sanbright/go_shortener/cmd/shortener/main.go:45.2,45.15 1 0
sanbright/go_shortener/cmd/shortener/main.go:48.13,52.16 3 0
sanbright/go_shortener/cmd/shortener/main.go:52.16,54.3 1 0
sanbright/go_shortener/cmd/shortener/main.go:56.2,83.16 24 0
sanbright/go_shortener/cmd/shortener/main.go:83.16,85.3 1 0
sanbright/go_shortener/internal/app/entity/shortLinkEntity.go:15.87,23.2 1 1
sanbright/go_shortener/internal/app/generator/cryptGenerator.go:16.52,18.2 1 1
sanbright/go_shortener/internal/app/generator/cryptGenerator.go:20.68,23.16 3 1
sanbright/go_shortener/internal/app/generator/cryptGenerator.go:23.16,25.3 1 0
sanbright/go_shortener/internal/app/generator/cryptGenerator.go:27.2,29.55 3 1
sanbright/go_shortener/internal/app/generator/cryptGenerator.go:29.55,31.3 1 0
sanbright/go_shortener/internal/app/generator/cryptGenerator.go:33.2,36.59 3 1
sanbright/go_shortener/internal/app/generator/cryptGenerator.go:39.68,41.16 2 1
sanbright/go_shortener/internal/app/generator/cryptGenerator.go:41.16,43.3 1 1
sanbright/go_shortener/internal/app/generator/cryptGenerator.go:45.2,46.16 2 1
sanbright/go_shortener/internal/app/generator/cryptGenerator.go:46.16,48.3 1 0
sanbright/go_shortener/internal/app/generator/cryptGenerator.go:50.2,50.37 1 1
sanbright/go_shortener/internal/app/generator/cryptGenerator.go:50.37,52.3 1 0
sanbright/go_shortener/internal/app/generator/cryptGenerator.go:54.2,60.32 5 1
sanbright/go_shortener/internal/app/generator/shortLinkGenerator.go:13.60,15.2 1 0
sanbright/go_shortener/internal/app/generator/shortLinkGenerator.go:17.60,19.2 1 0
sanbright/go_shortener/internal/app/handler/deleteUserShortLinkHandler.go:18.140,20.2 1 1
sanbright/go_shortener/internal/app/handler/deleteUserShortLinkHandler.go:22.69,24.9 2 1
sanbright/go_shortener/internal/app/handler/deleteUserShortLinkHandler.go:24.9,28.3 3 0
sanbright/go_shortener/internal/app/handler/deleteUserShortLinkHandler.go:30.2,36.16 5 1
sanbright/go_shortener/internal/app/handler/deleteUserShortLinkHandler.go:36.16,38.3 1 0
sanbright/go_shortener/internal/app/handler/deleteUserShortLinkHandler.go:40.2,41.16 2 1
sanbright/go_shortener/internal/app/handler/deleteUserShortLinkHandler.go:41.16,43.3 1 0
sanbright/go_shortener/internal/app/handler/deleteUserShortLinkHandler.go:45.2,47.33 2 1
sanbright/go_shortener/internal/app/handler/getPingHandler.go:16.63,20.2 1 0
sanbright/go_shortener/internal/app/handler/getPingHandler.go:21.57,24.16 2 0
sanbright/go_shortener/internal/app/handler/getPingHandler.go:24.16,29.3 4 0
sanbright/go_shortener/internal/app/handler/getPingHandler.go:31.2,34.16 3 0
sanbright/go_shortener/internal/app/handler/getPingHandler.go:34.16,39.3 4 0
sanbright/go_shortener/internal/app/handler/getPingHandler.go:41.2,41.39 1 0
sanbright/go_shortener/internal/app/handler/getShortLinkHandler.go:13.89,15.2 1 1
sanbright/go_shortener/internal/app/handler/getShortLinkHandler.go:17.62,20.16 2 1
sanbright/go_shortener/internal/app/handler/getShortLinkHandler.go:20.16,24.3 3 1
sanbright/go_shortener/internal/app/handler/getShortLinkHandler.go:26.2,26.28 1 1
sanbright/go_shortener/internal/app/handler/getShortLinkHandler.go:26.28,30.3 3 0
sanbright/go_shortener/internal/app/handler/getShortLinkHandler.go:32.2,34.31 2 1
sanbright/go_shortener/internal/app/handler/getShortLinkHandler.go:34.31,38.3 3 0
sanbright/go_shortener/internal/app/handler/getShortLinkHandler.go:40.2,40.65 1 1
sanbright/go_shortener/internal/app/handler/getUserShortLinkHandler.go:18.133,20.2 1 1
sanbright/go_shortener/internal/app/handler/getUserShortLinkHandler.go:22.66,24.9 2 1
sanbright/go_shortener/internal/app/handler/getUserShortLinkHandler.go:24.9,28.3 3 0
sanbright/go_shortener/internal/app/handler/getUserShortLinkHandler.go:30.2,34.36 4 1
sanbright/go_shortener/internal/app/handler/getUserShortLinkHandler.go:34.36,38.75 2 1
sanbright/go_shortener/internal/app/handler/getUserShortLinkHandler.go:38.75,46.4 4 1
sanbright/go_shortener/internal/app/handler/getUserShortLinkHandler.go:48.3,48.39 1 1
sanbright/go_shortener/internal/app/handler/getUserShortLinkHandler.go:48.39,53.4 1 1
sanbright/go_shortener/internal/app/handler/getUserShortLinkHandler.go:56.2,59.24 3 1
sanbright/go_shortener/internal/app/handler/postAPIShortLinkHandler.go:22.134,24.2 1 1
sanbright/go_shortener/internal/app/handler/postAPIShortLinkHandler.go:26.66,33.16 5 1
sanbright/go_shortener/internal/app/handler/postAPIShortLinkHandler.go:33.16,38.3 4 0
sanbright/go_shortener/internal/app/handler/postAPIShortLinkHandler.go:40.2,40.57 1 1
sanbright/go_shortener/internal/app/handler/postAPIShortLinkHandler.go:40.57,45.3 4 0
sanbright/go_shortener/internal/app/handler/postAPIShortLinkHandler.go:47.2,47.23 1 1
sanbright/go_shortener/internal/app/handler/postAPIShortLinkHandler.go:47.23,55.3 4 1
sanbright/go_shortener/internal/app/handler/postAPIShortLinkHandler.go:57.2,58.9 2 1
sanbright/go_shortener/internal/app/handler/postAPIShortLinkHandler.go:58.9,62.3 3 0
sanbright/go_shortener/internal/app/handler/postAPIShortLinkHandler.go:64.2,69.16 4 1
sanbright/go_shortener/internal/app/handler/postAPIShortLinkHandler.go:69.16,72.31 2 0
sanbright/go_shortener/internal/app/handler/postAPIShortLinkHandler.go:72.31,74.4 1 0
sanbright/go_shortener/internal/app/handler/postAPIShortLinkHandler.go:74.9,78.4 3 0
sanbright/go_shortener/internal/app/handler/postAPIShortLinkHandler.go:81.2,88.24 5 1
sanbright/go_shortener/internal/app/handler/postBatchShortLinkHandler.go:21.138,23.2 1 1
sanbright/go_shortener/internal/app/handler/postBatchShortLinkHandler.go:25.68,33.16 6 1
sanbright/go_shortener/internal/app/handler/postBatchShortLinkHandler.go:33.16,37.3 3 0
sanbright/go_shortener/internal/app/handler/postBatchShortLinkHandler.go:39.2,39.57 1 1
sanbright/go_shortener/internal/app/handler/postBatchShortLinkHandler.go:39.57,43.3 3 0
sanbright/go_shortener/internal/app/handler/postBatchShortLinkHandler.go:44.2,47.9 3 1
sanbright/go_shortener/internal/app/handler/postBatchShortLinkHandler.go:47.9,51.3 3 0
sanbright/go_shortener/internal/app/handler/postBatchShortLinkHandler.go:53.2,59.16 4 1
sanbright/go_shortener/internal/app/handler/postBatchShortLinkHandler.go:59.16,63.31 3 1
sanbright/go_shortener/internal/app/handler/postBatchShortLinkHandler.go:63.31,66.4 2 1
sanbright/go_shortener/internal/app/handler/postBatchShortLinkHandler.go:66.9,70.4 3 0
sanbright/go_shortener/internal/app/handler/postBatchShortLinkHandler.go:73.2,73.32 1 1
sanbright/go_shortener/internal/app/handler/postBatchShortLinkHandler.go:73.32,78.3 1 1
sanbright/go_shortener/internal/app/handler/postBatchShortLinkHandler.go:80.2,83.24 3 1
sanbright/go_shortener/internal/app/handler/postShortLinkHandler.go:21.108,23.2 1 1
sanbright/go_shortener/internal/app/handler/postShortLinkHandler.go:25.63,27.18 2 1
sanbright/go_shortener/internal/app/handler/postShortLinkHandler.go:27.18,30.3 2 0
sanbright/go_shortener/internal/app/handler/postShortLinkHandler.go:32.2,33.16 2 1
sanbright/go_shortener/internal/app/handler/postShortLinkHandler.go:33.16,37.3 3 0
sanbright/go_shortener/internal/app/handler/postShortLinkHandler.go:39.2,42.9 3 1
sanbright/go_shortener/internal/app/handler/postShortLinkHandler.go:42.9,46.3 3 0
sanbright/go_shortener/internal/app/handler/postShortLinkHandler.go:48.2,53.16 4 1
sanbright/go_shortener/internal/app/handler/postShortLinkHandler.go:53.16,56.31 2 0
sanbright/go_shortener/internal/app/handler/postShortLinkHandler.go:56.31,58.4 1 0
sanbright/go_shortener/internal/app/handler/postShortLinkHandler.go:58.9,62.4 3 0
sanbright/go_shortener/internal/app/handler/postShortLinkHandler.go:65.2,66.77 2 1
sanbright/go_shortener/internal/app/middleware/auth.go:10.80,11.30 1 1
sanbright/go_shortener/internal/app/middleware/auth.go:11.30,13.17 2 1
sanbright/go_shortener/internal/app/middleware/auth.go:13.17,18.43 2 0
sanbright/go_shortener/internal/app/middleware/auth.go:18.43,22.5 1 0
sanbright/go_shortener/internal/app/middleware/auth.go:24.4,26.10 3 0
sanbright/go_shortener/internal/app/middleware/auth.go:29.3,36.11 4 1
sanbright/go_shortener/internal/app/middleware/authGen.go:10.98,11.30 1 1
sanbright/go_shortener/internal/app/middleware/authGen.go:11.30,13.17 2 1
sanbright/go_shortener/internal/app/middleware/authGen.go:13.17,18.43 2 1
sanbright/go_shortener/internal/app/middleware/authGen.go:18.43,22.5 1 0
sanbright/go_shortener/internal/app/middleware/authGen.go:24.4,31.5 4 1
sanbright/go_shortener/internal/app/middleware/authGen.go:34.3,43.11 4 1
sanbright/go_shortener/internal/app/middleware/logger.go:9.49,10.30 1 0
sanbright/go_shortener/internal/app/middleware/logger.go:10.30,28.3 5 0
sanbright/go_shortener/internal/app/repository/repositoryResolver.go:41.78,43.2 1 0
sanbright/go_shortener/internal/app/repository/repositoryResolver.go:45.68,46.35 1 0
sanbright/go_shortener/internal/app/repository/repositoryResolver.go:46.35,49.16 2 0
sanbright/go_shortener/internal/app/repository/repositoryResolver.go:49.16,52.18 2 0
sanbright/go_shortener/internal/app/repository/repositoryResolver.go:52.18,54.5 1 0
sanbright/go_shortener/internal/app/repository/repositoryResolver.go:56.4,58.44 3 0
sanbright/go_shortener/internal/app/repository/repositoryResolver.go:62.2,62.35 1 0
sanbright/go_shortener/internal/app/repository/repositoryResolver.go:62.35,64.17 2 0
sanbright/go_shortener/internal/app/repository/repositoryResolver.go:64.17,66.4 1 0
sanbright/go_shortener/internal/app/repository/repositoryResolver.go:68.3,68.31 1 0
sanbright/go_shortener/internal/app/repository/repositoryResolver.go:68.31,71.4 2 0
sanbright/go_shortener/internal/app/repository/repositoryResolver.go:74.2,75.38 2 0
sanbright/go_shortener/internal/app/repository/repositoryResolver.go:78.47,79.17 1 0
sanbright/go_shortener/internal/app/repository/repositoryResolver.go:79.17,81.3 1 0
sanbright/go_shortener/internal/app/repository/repositoryResolver.go:83.2,84.16 2 0
sanbright/go_shortener/internal/app/repository/repositoryResolver.go:84.16,87.3 2 0
sanbright/go_shortener/internal/app/repository/repositoryResolver.go:89.2,89.16 1 0
sanbright/go_shortener/internal/app/repository/shortLinkDBRepository.go:20.67,22.2 1 0
sanbright/go_shortener/internal/app/repository/shortLinkDBRepository.go:24.118,35.35 3 0
sanbright/go_shortener/internal/app/repository/shortLinkDBRepository.go:35.35,37.3 1 0
sanbright/go_shortener/internal/app/repository/shortLinkDBRepository.go:39.2,39.16 1 0
sanbright/go_shortener/internal/app/repository/shortLinkDBRepository.go:39.16,40.74 1 0
sanbright/go_shortener/internal/app/repository/shortLinkDBRepository.go:40.74,42.4 1 0
sanbright/go_shortener/internal/app/repository/shortLinkDBRepository.go:44.3,44.18 1 0
sanbright/go_shortener/internal/app/repository/shortLinkDBRepository.go:47.2,47.32 1 0
sanbright/go_shortener/internal/app/repository/shortLinkDBRepository.go:50.103,65.35 3 0
sanbright/go_shortener/internal/app/repository/shortLinkDBRepository.go:65.35,67.3 1 0
sanbright/go_shortener/internal/app/repository/shortLinkDBRepository.go:69.2,69.30 1 0
sanbright/go_shortener/internal/app/repository/shortLinkDBRepository.go:72.91,88.35 3 0
sanbright/go_shortener/internal/app/repository/shortLinkDBRepository.go:88.35,90.3 1 0
sanbright/go_shortener/internal/app/repository/shortLinkDBRepository.go:92.2,92.30 1 0
sanbright/go_shortener/internal/app/repository/shortLinkDBRepository.go:95.100,110.35 3 0
sanbright/go_shortener/internal/app/repository/shortLinkDBRepository.go:110.35,112.3 1 0
sanbright/go_shortener/internal/app/repository/shortLinkDBRepository.go:114.2,114.32 1 0
sanbright/go_shortener/internal/app/repository/shortLinkDBRepository.go:117.111,120.16 2 0
sanbright/go_shortener/internal/app/repository/shortLinkDBRepository.go:120.16,122.3 1 0
sanbright/go_shortener/internal/app/repository/shortLinkDBRepository.go:124.2,126.31 2 0
sanbright/go_shortener/internal/app/repository/shortLinkDBRepository.go:126.31,137.17 3 0
sanbright/go_shortener/internal/app/repository/shortLinkDBRepository.go:137.17,138.75 1 0
sanbright/go_shortener/internal/app/repository/shortLinkDBRepository.go:138.75,140.5 1 0
sanbright/go_shortener/internal/app/repository/shortLinkDBRepository.go:142.4,142.19 1 0
sanbright/go_shortener/internal/app/repository/shortLinkDBRepository.go:146.2,148.25 2 0
sanbright/go_shortener/internal/app/repository/shortLinkDBRepository.go:151.88,157.42 5 0
sanbright/go_shortener/internal/app/repository/shortLinkDBRepository.go:157.42,161.3 3 0
sanbright/go_shortener/internal/app/repository/shortLinkDBRepository.go:162.2,165.16 2 0
sanbright/go_shortener/internal/app/repository/shortLinkDBRepository.go:165.16,167.3 1 0
sanbright/go_shortener/internal/app/repository/shortLinkDBRepository.go:169.2,169.12 1 0
sanbright/go_shortener/internal/app/repository/shortLinkMemoryRepository.go:15.58,19.2 1 1
sanbright/go_shortener/internal/app/repository/shortLinkMemoryRepository.go:21.107,22.62 1 1
sanbright/go_shortener/internal/app/repository/shortLinkMemoryRepository.go:22.62,24.3 1 1
sanbright/go_shortener/internal/app/repository/shortLinkMemoryRepository.go:26.2,26.66 1 1
sanbright/go_shortener/internal/app/repository/shortLinkMemoryRepository.go:29.95,30.31 1 1
sanbright/go_shortener/internal/app/repository/shortLinkMemoryRepository.go:30.31,31.19 1 1
sanbright/go_shortener/internal/app/repository/shortLinkMemoryRepository.go:31.19,33.4 1 1
sanbright/go_shortener/internal/app/repository/shortLinkMemoryRepository.go:36.2,36.58 1 1
sanbright/go_shortener/internal/app/repository/shortLinkMemoryRepository.go:39.104,42.31 2 1
sanbright/go_shortener/internal/app/repository/shortLinkMemoryRepository.go:42.31,43.23 1 1
sanbright/go_shortener/internal/app/repository/shortLinkMemoryRepository.go:43.23,45.4 1 1
sanbright/go_shortener/internal/app/repository/shortLinkMemoryRepository.go:48.2,48.25 1 1
sanbright/go_shortener/internal/app/repository/shortLinkMemoryRepository.go:51.122,54.18 2 1
sanbright/go_shortener/internal/app/repository/shortLinkMemoryRepository.go:54.18,56.3 1 1
sanbright/go_shortener/internal/app/repository/shortLinkMemoryRepository.go:58.2,60.35 2 1
sanbright/go_shortener/internal/app/repository/shortLinkMemoryRepository.go:63.115,64.31 1 1
sanbright/go_shortener/internal/app/repository/shortLinkMemoryRepository.go:64.31,67.17 2 1
sanbright/go_shortener/internal/app/repository/shortLinkMemoryRepository.go:67.17,69.4 1 1
sanbright/go_shortener/internal/app/repository/shortLinkMemoryRepository.go:72.2,72.25 1 1
sanbright/go_shortener/internal/app/repository/shortLinkMemoryRepository.go:75.92,76.42 1 1
sanbright/go_shortener/internal/app/repository/shortLinkMemoryRepository.go:76.42,78.3 1 1
sanbright/go_shortener/internal/app/repository/shortLinkMemoryRepository.go:80.2,80.12 1 1
sanbright/go_shortener/internal/app/repository/shortLinkStorageRepository.go:22.86,24.16 2 0
sanbright/go_shortener/internal/app/repository/shortLinkStorageRepository.go:24.16,26.3 1 0
sanbright/go_shortener/internal/app/repository/shortLinkStorageRepository.go:28.2,28.53 1 0
sanbright/go_shortener/internal/app/repository/shortLinkStorageRepository.go:31.108,35.16 3 0
sanbright/go_shortener/internal/app/repository/shortLinkStorageRepository.go:35.16,37.3 1 0
sanbright/go_shortener/internal/app/repository/shortLinkStorageRepository.go:39.2,40.21 2 0
sanbright/go_shortener/internal/app/repository/shortLinkStorageRepository.go:40.21,41.50 1 0
sanbright/go_shortener/internal/app/repository/shortLinkStorageRepository.go:41.50,43.18 2 0
sanbright/go_shortener/internal/app/repository/shortLinkStorageRepository.go:43.18,45.5 1 0
sanbright/go_shortener/internal/app/repository/shortLinkStorageRepository.go:47.4,47.32 1 0
sanbright/go_shortener/internal/app/repository/shortLinkStorageRepository.go:51.2,51.38 1 0
sanbright/go_shortener/internal/app/repository/shortLinkStorageRepository.go:51.38,53.3 1 0
sanbright/go_shortener/internal/app/repository/shortLinkStorageRepository.go:55.2,55.17 1 0
sanbright/go_shortener/internal/app/repository/shortLinkStorageRepository.go:58.96,62.16 3 0
sanbright/go_shortener/internal/app/repository/shortLinkStorageRepository.go:62.16,64.3 1 0
sanbright/go_shortener/internal/app/repository/shortLinkStorageRepository.go:66.2,67.21 2 0
sanbright/go_shortener/internal/app/repository/shortLinkStorageRepository.go:67.21,68.44 1 0
sanbright/go_shortener/internal/app/repository/shortLinkStorageRepository.go:68.44,70.18 2 0
sanbright/go_shortener/internal/app/repository/shortLinkStorageRepository.go:70.18,72.5 1 0
sanbright/go_shortener/internal/app/repository/shortLinkStorageRepository.go:74.4,74.32 1 0
sanbright/go_shortener/internal/app/repository/shortLinkStorageRepository.go:78.2,78.38 1 0
sanbright/go_shortener/internal/app/repository/shortLinkStorageRepository.go:78.38,80.3 1 0
sanbright/go_shortener/internal/app/repository/shortLinkStorageRepository.go:82.2,82.17 1 0
sanbright/go_shortener/internal/app/repository/shortLinkStorageRepository.go:85.105,90.16 4 0
sanbright/go_shortener/internal/app/repository/shortLinkStorageRepository.go:90.16,92.3 1 0
sanbright/go_shortener/internal/app/repository/shortLinkStorageRepository.go:94.2,95.21 2 0
sanbright/go_shortener/internal/app/repository/shortLinkStorageRepository.go:95.21,96.54 1 0
sanbright/go_shortener/internal/app/repository/shortLinkStorageRepository.go:96.54,98.18 2 0
sanbright/go_shortener/internal/app/repository/shortLinkStorageRepository.go:98.18,100.5 1 0
sanbright/go_shortener/internal/app/repository/shortLinkStorageRepository.go:102.4,102.52 1 0
sanbright/go_shortener/internal/app/repository/shortLinkStorageRepository.go:106.2,106.25 1 0
sanbright/go_shortener/internal/app/repository/shortLinkStorageRepository.go:109.123,112.18 2 0
sanbright/go_shortener/internal/app/repository/shortLinkStorageRepository.go:112.18,114.3 1 0
sanbright/go_shortener/internal/app/repository/shortLinkStorageRepository.go:116.2,120.16 3 0
sanbright/go_shortener/internal/app/repository/shortLinkStorageRepository.go:120.16,122.3 1 0
sanbright/go_shortener/internal/app/repository/shortLinkStorageRepository.go:124.2,126.16 2 0
sanbright/go_shortener/internal/app/repository/shortLinkStorageRepository.go:126.16,128.3 1 0
sanbright/go_shortener/internal/app/repository/shortLinkStorageRepository.go:130.2,130.32 1 0
sanbright/go_shortener/internal/app/repository/shortLinkStorageRepository.go:133.116,134.31 1 0
sanbright/go_shortener/internal/app/repository/shortLinkStorageRepository.go:134.31,137.17 2 0
sanbright/go_shortener/internal/app/repository/shortLinkStorageRepository.go:137.17,139.4 1 0
sanbright/go_shortener/internal/app/repository/shortLinkStorageRepository.go:142.2,142.25 1 0
sanbright/go_shortener/internal/app/repository/shortLinkStorageRepository.go:145.93,147.2 1 0
sanbright/go_shortener/internal/app/repository/error/dbError.go:10.48,12.2 1 1
sanbright/go_shortener/internal/app/repository/error/dbError.go:14.60,19.2 1 1
sanbright/go_shortener/internal/app/service/readShortLinkService.go:13.104,15.2 1 1
sanbright/go_shortener/internal/app/service/readShortLinkService.go:17.104,19.2 1 1
sanbright/go_shortener/internal/app/service/readShortLinkService.go:21.100,23.2 1 1
sanbright/go_shortener/internal/app/service/writeShortLinkService.go:21.175,23.2 1 1
sanbright/go_shortener/internal/app/service/writeShortLinkService.go:25.103,30.16 3 1
sanbright/go_shortener/internal/app/service/writeShortLinkService.go:30.16,33.31 2 0
sanbright/go_shortener/internal/app/service/writeShortLinkService.go:33.31,37.4 2 0
sanbright/go_shortener/internal/app/service/writeShortLinkService.go:39.3,39.18 1 0
sanbright/go_shortener/internal/app/service/writeShortLinkService.go:42.2,42.29 1 1
sanbright/go_shortener/internal/app/service/writeShortLinkService.go:45.117,48.33 2 1
sanbright/go_shortener/internal/app/service/writeShortLinkService.go:48.33,55.3 1 1
sanbright/go_shortener/internal/app/service/writeShortLinkService.go:57.2,59.16 2 1
sanbright/go_shortener/internal/app/service/writeShortLinkService.go:59.16,61.3 1 1
sanbright/go_shortener/internal/app/service/writeShortLinkService.go:63.2,63.20 1 1
sanbright/go_shortener/internal/app/service/writeShortLinkService.go:66.100,70.42 4 1
sanbright/go_shortener/internal/app/service/writeShortLinkService.go:70.42,73.13 2 1
sanbright/go_shortener/internal/app/service/writeShortLinkService.go:73.13,75.4 1 1
sanbright/go_shortener/internal/app/service/writeShortLinkService.go:75.9,79.4 3 0
sanbright/go_shortener/internal/app/service/writeShortLinkService.go:83.2,84.20 2 1
sanbright/go_shortener/internal/app/service/writeShortLinkService.go:84.20,87.3 2 1
sanbright/go_shortener/internal/app/service/writeShortLinkService.go:89.2,92.41 4 1
sanbright/go_shortener/internal/app/service/writeShortLinkService.go:92.41,94.3 1 1
sanbright/go_shortener/internal/app/service/writeShortLinkService.go:96.2,96.21 1 1
sanbright/go_shortener/internal/app/service/writeShortLinkService.go:99.86,101.12 2 1
sanbright/go_shortener/internal/app/service/writeShortLinkService.go:101.12,103.32 2 1
sanbright/go_shortener/internal/app/service/writeShortLinkService.go:103.32,105.4 1 1
sanbright/go_shortener/internal/app/service/writeShortLinkService.go:108.2,108.14 1 1
sanbright/go_shortener/internal/app/service/writeShortLinkService.go:111.111,114.12 2 1
sanbright/go_shortener/internal/app/service/writeShortLinkService.go:114.12,116.32 2 1
sanbright/go_shortener/internal/app/service/writeShortLinkService.go:116.32,118.18 2 1
sanbright/go_shortener/internal/app/service/writeShortLinkService.go:118.18,126.5 2 0
sanbright/go_shortener/internal/app/service/writeShortLinkService.go:128.4,128.23 1 1
sanbright/go_shortener/internal/app/service/writeShortLinkService.go:132.2,132.14 1 1
sanbright/go_shortener/internal/app/service/writeShortLinkService.go:135.81,139.34 3 1
sanbright/go_shortener/internal/app/service/writeShortLinkService.go:139.34,140.20 1 1
sanbright/go_shortener/internal/app/service/writeShortLinkService.go:140.20,142.4 1 1
sanbright/go_shortener/internal/app/service/writeShortLinkService.go:143.3,143.12 1 1
sanbright/go_shortener/internal/app/service/writeShortLinkService.go:146.2,147.24 2 1
sanbright/go_shortener/internal/app/service/writeShortLinkService.go:147.24,149.3 1 1
sanbright/go_shortener/internal/app/service/writeShortLinkService.go:151.2,151.12 1 1
sanbright/go_shortener/internal/app/service/writeShortLinkService.go:151.12,154.3 2 1
sanbright/go_shortener/internal/app/service/writeShortLinkService.go:156.2,156.14 1 1
sanbright/go_shortener/internal/config/config.go:35.111,37.29 1 0
sanbright/go_shortener/internal/config/config.go:37.29,39.3 1 0
sanbright/go_shortener/internal/config/config.go:41.2,41.23 1 0
sanbright/go_shortener/internal/config/config.go:41.23,43.3 1 0
sanbright/go_shortener/internal/config/config.go:45.2,45.27 1 0
sanbright/go_shortener/internal/config/config.go:45.27,47.3 1 0
sanbright/go_shortener/internal/config/config.go:49.2,49.27 1 0
sanbright/go_shortener/internal/config/config.go:49.27,51.17 2 0
sanbright/go_shortener/internal/config/config.go:51.17,53.4 1 0
sanbright/go_shortener/internal/config/config.go:54.3,54.46 1 0
sanbright/go_shortener/internal/config/config.go:57.2,63.16 6 0
sanbright/go_shortener/internal/config/config.go:63.16,65.3 1 0
sanbright/go_shortener/internal/config/config.go:67.2,68.16 2 0
sanbright/go_shortener/internal/config/config.go:68.16,70.3 1 0
sanbright/go_shortener/internal/config/config.go:72.2,83.8 6 0
sanbright/go_shortener/internal/config/config.go:86.43,91.2 3 0
sanbright/go_shortener/internal/config/config.go:93.51,95.16 2 0
sanbright/go_shortener/internal/config/config.go:95.16,97.3 1 0
sanbright/go_shortener/internal/config/config.go:99.2,102.12 3 0
sanbright/go_shortener/internal/config/config.go:105.40,107.2 1 0
sanbright/go_shortener/internal/config/config.go:109.48,113.2 2 0
