mode: set
sanbright/go_shortener/cmd/staticlint/revive/revive.go:7.34,11.2 3 0
sanbright/go_shortener/cmd/shortener/main.go:44.47,56.2 5 0
sanbright/go_shortener/cmd/shortener/main.go:58.32,60.16 2 0
sanbright/go_shortener/cmd/shortener/main.go:60.16,61.13 1 0
sanbright/go_shortener/cmd/shortener/main.go:64.2,64.15 1 0
sanbright/go_shortener/cmd/shortener/main.go:67.13,79.16 2 0
sanbright/go_shortener/cmd/shortener/main.go:79.16,81.3 1 0
sanbright/go_shortener/cmd/shortener/main.go:83.2,92.34 7 0
sanbright/go_shortener/cmd/shortener/main.go:92.34,94.3 1 0
sanbright/go_shortener/cmd/shortener/main.go:94.8,104.13 4 0
sanbright/go_shortener/cmd/shortener/main.go:104.13,106.27 2 0
sanbright/go_shortener/cmd/shortener/main.go:106.27,109.5 2 0
sanbright/go_shortener/cmd/shortener/main.go:109.10,112.5 2 0
sanbright/go_shortener/cmd/shortener/main.go:114.4,114.21 1 0
sanbright/go_shortener/cmd/shortener/main.go:114.21,116.5 1 0
sanbright/go_shortener/cmd/shortener/main.go:118.4,118.14 1 0
sanbright/go_shortener/cmd/shortener/main.go:121.3,125.43 4 0
sanbright/go_shortener/cmd/shortener/main.go:125.43,127.4 1 0
sanbright/go_shortener/cmd/shortener/main.go:129.3,129.11 1 0
sanbright/go_shortener/cmd/shortener/main.go:133.115,139.2 3 0
sanbright/go_shortener/cmd/shortener/main.go:141.68,144.16 2 0
sanbright/go_shortener/cmd/shortener/main.go:144.16,146.3 1 0
sanbright/go_shortener/cmd/shortener/main.go:148.2,155.39 5 0
sanbright/go_shortener/cmd/shortener/main.go:155.39,157.3 1 0
sanbright/go_shortener/cmd/shortener/main.go:159.2,159.15 1 0
sanbright/go_shortener/cmd/shortener/main.go:159.15,160.35 1 0
sanbright/go_shortener/cmd/shortener/main.go:160.35,162.4 1 0
sanbright/go_shortener/cmd/shortener/main.go:166.76,200.2 27 0
sanbright/go_shortener/cmd/staticlint/multichecker.go:18.13,28.42 3 0
sanbright/go_shortener/cmd/staticlint/multichecker.go:28.42,29.65 1 0
sanbright/go_shortener/cmd/staticlint/multichecker.go:29.65,31.4 1 0
sanbright/go_shortener/cmd/staticlint/multichecker.go:34.2,35.16 2 0
sanbright/go_shortener/cmd/staticlint/multichecker.go:35.16,37.3 1 0
sanbright/go_shortener/cmd/staticlint/multichecker.go:39.2,44.3 3 0
sanbright/go_shortener/cmd/staticlint/noexitanalyzer/noexitanalyzer.go:17.52,18.34 1 0
sanbright/go_shortener/cmd/staticlint/noexitanalyzer/noexitanalyzer.go:18.34,19.82 1 0
sanbright/go_shortener/cmd/staticlint/noexitanalyzer/noexitanalyzer.go:19.82,20.44 1 0
sanbright/go_shortener/cmd/staticlint/noexitanalyzer/noexitanalyzer.go:20.44,21.66 1 0
sanbright/go_shortener/cmd/staticlint/noexitanalyzer/noexitanalyzer.go:21.66,22.49 1 0
sanbright/go_shortener/cmd/staticlint/noexitanalyzer/noexitanalyzer.go:22.49,23.44 1 0
sanbright/go_shortener/cmd/staticlint/noexitanalyzer/noexitanalyzer.go:23.44,24.55 1 0
sanbright/go_shortener/cmd/staticlint/noexitanalyzer/noexitanalyzer.go:24.55,25.52 1 0
sanbright/go_shortener/cmd/staticlint/noexitanalyzer/noexitanalyzer.go:26.68,27.75 1 0
sanbright/go_shortener/cmd/staticlint/noexitanalyzer/noexitanalyzer.go:31.7,31.18 1 0
sanbright/go_shortener/cmd/staticlint/noexitanalyzer/noexitanalyzer.go:34.5,34.16 1 0
sanbright/go_shortener/cmd/staticlint/noexitanalyzer/noexitanalyzer.go:39.2,39.17 1 0
sanbright/go_shortener/cmd/staticlint/revive/revive.go:7.34,11.2 3 0
sanbright/go_shortener/internal/app/entity/shortLinkEntity.go:18.87,26.2 1 0
sanbright/go_shortener/internal/app/generator/cryptGenerator.go:20.52,22.2 1 0
sanbright/go_shortener/internal/app/generator/cryptGenerator.go:25.68,28.16 3 0
sanbright/go_shortener/internal/app/generator/cryptGenerator.go:28.16,30.3 1 0
sanbright/go_shortener/internal/app/generator/cryptGenerator.go:32.2,34.55 3 0
sanbright/go_shortener/internal/app/generator/cryptGenerator.go:34.55,36.3 1 0
sanbright/go_shortener/internal/app/generator/cryptGenerator.go:38.2,41.59 3 0
sanbright/go_shortener/internal/app/generator/cryptGenerator.go:45.68,47.16 2 0
sanbright/go_shortener/internal/app/generator/cryptGenerator.go:47.16,49.3 1 0
sanbright/go_shortener/internal/app/generator/cryptGenerator.go:51.2,52.16 2 0
sanbright/go_shortener/internal/app/generator/cryptGenerator.go:52.16,54.3 1 0
sanbright/go_shortener/internal/app/generator/cryptGenerator.go:56.2,56.37 1 0
sanbright/go_shortener/internal/app/generator/cryptGenerator.go:56.37,58.3 1 0
sanbright/go_shortener/internal/app/generator/cryptGenerator.go:60.2,66.32 5 0
sanbright/go_shortener/internal/app/generator/shortLinkGenerator.go:17.60,19.2 1 0
sanbright/go_shortener/internal/app/generator/shortLinkGenerator.go:22.60,24.2 1 0
sanbright/go_shortener/internal/app/handler/deleteUserShortLinkHandler.go:22.140,24.2 1 0
sanbright/go_shortener/internal/app/handler/deleteUserShortLinkHandler.go:27.69,29.9 2 0
sanbright/go_shortener/internal/app/handler/deleteUserShortLinkHandler.go:29.9,33.3 3 0
sanbright/go_shortener/internal/app/handler/deleteUserShortLinkHandler.go:35.2,41.16 5 0
sanbright/go_shortener/internal/app/handler/deleteUserShortLinkHandler.go:41.16,43.3 1 0
sanbright/go_shortener/internal/app/handler/deleteUserShortLinkHandler.go:45.2,46.16 2 0
sanbright/go_shortener/internal/app/handler/deleteUserShortLinkHandler.go:46.16,48.3 1 0
sanbright/go_shortener/internal/app/handler/deleteUserShortLinkHandler.go:50.2,52.33 2 0
sanbright/go_shortener/internal/app/handler/getPingHandler.go:18.74,22.2 1 0
sanbright/go_shortener/internal/app/handler/getPingHandler.go:25.57,29.16 2 0
sanbright/go_shortener/internal/app/handler/getPingHandler.go:29.16,34.3 4 0
sanbright/go_shortener/internal/app/handler/getPingHandler.go:36.2,36.39 1 0
sanbright/go_shortener/internal/app/handler/getShortLinkHandler.go:16.89,18.2 1 0
sanbright/go_shortener/internal/app/handler/getShortLinkHandler.go:21.62,24.16 2 0
sanbright/go_shortener/internal/app/handler/getShortLinkHandler.go:24.16,28.3 3 0
sanbright/go_shortener/internal/app/handler/getShortLinkHandler.go:30.2,30.28 1 0
sanbright/go_shortener/internal/app/handler/getShortLinkHandler.go:30.28,34.3 3 0
sanbright/go_shortener/internal/app/handler/getShortLinkHandler.go:36.2,38.31 2 0
sanbright/go_shortener/internal/app/handler/getShortLinkHandler.go:38.31,42.3 3 0
sanbright/go_shortener/internal/app/handler/getShortLinkHandler.go:44.2,44.65 1 0
sanbright/go_shortener/internal/app/handler/getStatsHandler.go:15.81,17.2 1 0
sanbright/go_shortener/internal/app/handler/getStatsHandler.go:20.58,28.2 5 0
sanbright/go_shortener/internal/app/handler/getUserShortLinkHandler.go:21.133,23.2 1 0
sanbright/go_shortener/internal/app/handler/getUserShortLinkHandler.go:26.66,28.9 2 0
sanbright/go_shortener/internal/app/handler/getUserShortLinkHandler.go:28.9,32.3 3 0
sanbright/go_shortener/internal/app/handler/getUserShortLinkHandler.go:34.2,38.36 4 0
sanbright/go_shortener/internal/app/handler/getUserShortLinkHandler.go:38.36,42.75 2 0
sanbright/go_shortener/internal/app/handler/getUserShortLinkHandler.go:42.75,50.4 4 0
sanbright/go_shortener/internal/app/handler/getUserShortLinkHandler.go:52.3,52.39 1 0
sanbright/go_shortener/internal/app/handler/getUserShortLinkHandler.go:52.39,57.4 1 0
sanbright/go_shortener/internal/app/handler/getUserShortLinkHandler.go:60.2,63.24 3 0
sanbright/go_shortener/internal/app/handler/postAPIShortLinkHandler.go:25.134,27.2 1 0
sanbright/go_shortener/internal/app/handler/postAPIShortLinkHandler.go:30.66,36.16 5 0
sanbright/go_shortener/internal/app/handler/postAPIShortLinkHandler.go:36.16,41.3 4 0
sanbright/go_shortener/internal/app/handler/postAPIShortLinkHandler.go:43.2,43.57 1 0
sanbright/go_shortener/internal/app/handler/postAPIShortLinkHandler.go:43.57,48.3 4 0
sanbright/go_shortener/internal/app/handler/postAPIShortLinkHandler.go:50.2,50.23 1 0
sanbright/go_shortener/internal/app/handler/postAPIShortLinkHandler.go:50.23,58.3 4 0
sanbright/go_shortener/internal/app/handler/postAPIShortLinkHandler.go:60.2,61.9 2 0
sanbright/go_shortener/internal/app/handler/postAPIShortLinkHandler.go:61.9,65.3 3 0
sanbright/go_shortener/internal/app/handler/postAPIShortLinkHandler.go:67.2,72.16 4 0
sanbright/go_shortener/internal/app/handler/postAPIShortLinkHandler.go:72.16,75.31 2 0
sanbright/go_shortener/internal/app/handler/postAPIShortLinkHandler.go:75.31,77.4 1 0
sanbright/go_shortener/internal/app/handler/postAPIShortLinkHandler.go:77.9,81.4 3 0
sanbright/go_shortener/internal/app/handler/postAPIShortLinkHandler.go:84.2,91.24 5 0
sanbright/go_shortener/internal/app/handler/postBatchShortLinkHandler.go:24.138,26.2 1 0
sanbright/go_shortener/internal/app/handler/postBatchShortLinkHandler.go:29.68,37.16 6 0
sanbright/go_shortener/internal/app/handler/postBatchShortLinkHandler.go:37.16,41.3 3 0
sanbright/go_shortener/internal/app/handler/postBatchShortLinkHandler.go:43.2,43.57 1 0
sanbright/go_shortener/internal/app/handler/postBatchShortLinkHandler.go:43.57,47.3 3 0
sanbright/go_shortener/internal/app/handler/postBatchShortLinkHandler.go:48.2,51.9 3 0
sanbright/go_shortener/internal/app/handler/postBatchShortLinkHandler.go:51.9,55.3 3 0
sanbright/go_shortener/internal/app/handler/postBatchShortLinkHandler.go:57.2,63.16 4 0
sanbright/go_shortener/internal/app/handler/postBatchShortLinkHandler.go:63.16,67.31 3 0
sanbright/go_shortener/internal/app/handler/postBatchShortLinkHandler.go:67.31,70.4 2 0
sanbright/go_shortener/internal/app/handler/postBatchShortLinkHandler.go:70.9,74.4 3 0
sanbright/go_shortener/internal/app/handler/postBatchShortLinkHandler.go:77.2,77.32 1 0
sanbright/go_shortener/internal/app/handler/postBatchShortLinkHandler.go:77.32,82.3 1 0
sanbright/go_shortener/internal/app/handler/postBatchShortLinkHandler.go:84.2,87.24 3 0
sanbright/go_shortener/internal/app/handler/postShortLinkHandler.go:23.108,25.2 1 0
sanbright/go_shortener/internal/app/handler/postShortLinkHandler.go:28.63,30.18 2 0
sanbright/go_shortener/internal/app/handler/postShortLinkHandler.go:30.18,33.3 2 0
sanbright/go_shortener/internal/app/handler/postShortLinkHandler.go:35.2,36.16 2 0
sanbright/go_shortener/internal/app/handler/postShortLinkHandler.go:36.16,40.3 3 0
sanbright/go_shortener/internal/app/handler/postShortLinkHandler.go:42.2,45.9 3 0
sanbright/go_shortener/internal/app/handler/postShortLinkHandler.go:45.9,49.3 3 0
sanbright/go_shortener/internal/app/handler/postShortLinkHandler.go:51.2,56.16 4 0
sanbright/go_shortener/internal/app/handler/postShortLinkHandler.go:56.16,59.31 2 0
sanbright/go_shortener/internal/app/handler/postShortLinkHandler.go:59.31,61.4 1 0
sanbright/go_shortener/internal/app/handler/postShortLinkHandler.go:61.9,65.4 3 0
sanbright/go_shortener/internal/app/handler/postShortLinkHandler.go:68.2,69.77 2 0
sanbright/go_shortener/internal/app/middleware/auth.go:13.80,14.30 1 0
sanbright/go_shortener/internal/app/middleware/auth.go:14.30,16.17 2 0
sanbright/go_shortener/internal/app/middleware/auth.go:16.17,21.43 2 0
sanbright/go_shortener/internal/app/middleware/auth.go:21.43,25.5 1 0
sanbright/go_shortener/internal/app/middleware/auth.go:27.4,29.10 3 0
sanbright/go_shortener/internal/app/middleware/auth.go:32.3,39.11 4 0
sanbright/go_shortener/internal/app/middleware/authGen.go:12.98,13.30 1 0
sanbright/go_shortener/internal/app/middleware/authGen.go:13.30,15.17 2 0
sanbright/go_shortener/internal/app/middleware/authGen.go:15.17,20.43 2 0
sanbright/go_shortener/internal/app/middleware/authGen.go:20.43,24.5 1 0
sanbright/go_shortener/internal/app/middleware/authGen.go:26.4,33.5 4 0
sanbright/go_shortener/internal/app/middleware/authGen.go:36.3,45.11 4 0
sanbright/go_shortener/internal/app/middleware/ipFilter.go:12.73,13.30 1 0
sanbright/go_shortener/internal/app/middleware/ipFilter.go:13.30,17.15 3 0
sanbright/go_shortener/internal/app/middleware/ipFilter.go:17.15,21.4 3 0
sanbright/go_shortener/internal/app/middleware/ipFilter.go:23.3,23.34 1 0
sanbright/go_shortener/internal/app/middleware/ipFilter.go:23.34,27.4 3 0
sanbright/go_shortener/internal/app/middleware/ipFilter.go:29.3,29.11 1 0
sanbright/go_shortener/internal/app/middleware/ipFilter.go:33.52,35.15 2 0
sanbright/go_shortener/internal/app/middleware/ipFilter.go:35.15,37.3 1 0
sanbright/go_shortener/internal/app/middleware/ipFilter.go:39.2,39.63 1 0
sanbright/go_shortener/internal/app/middleware/ipFilter.go:39.63,40.25 1 0
sanbright/go_shortener/internal/app/middleware/ipFilter.go:40.25,42.4 1 0
sanbright/go_shortener/internal/app/middleware/ipFilter.go:45.2,46.33 2 0
sanbright/go_shortener/internal/app/middleware/ipFilter.go:46.33,47.58 1 0
sanbright/go_shortener/internal/app/middleware/ipFilter.go:47.58,48.26 1 0
sanbright/go_shortener/internal/app/middleware/ipFilter.go:48.26,50.5 1 0
sanbright/go_shortener/internal/app/middleware/ipFilter.go:54.2,54.14 1 0
sanbright/go_shortener/internal/app/middleware/logger.go:11.49,12.30 1 0
sanbright/go_shortener/internal/app/middleware/logger.go:12.30,30.3 5 0
sanbright/go_shortener/internal/app/proto/proto.pb.go:29.31,34.2 4 0
sanbright/go_shortener/internal/app/proto/proto.pb.go:36.39,38.2 1 0
sanbright/go_shortener/internal/app/proto/proto.pb.go:40.37,40.38 0 0
sanbright/go_shortener/internal/app/proto/proto.pb.go:42.59,44.14 2 0
sanbright/go_shortener/internal/app/proto/proto.pb.go:44.14,46.34 2 0
sanbright/go_shortener/internal/app/proto/proto.pb.go:46.34,48.4 1 0
sanbright/go_shortener/internal/app/proto/proto.pb.go:49.3,49.12 1 0
sanbright/go_shortener/internal/app/proto/proto.pb.go:51.2,51.24 1 0
sanbright/go_shortener/internal/app/proto/proto.pb.go:55.50,57.2 1 0
sanbright/go_shortener/internal/app/proto/proto.pb.go:67.32,72.2 4 0
sanbright/go_shortener/internal/app/proto/proto.pb.go:74.40,76.2 1 0
sanbright/go_shortener/internal/app/proto/proto.pb.go:78.38,78.39 0 0
sanbright/go_shortener/internal/app/proto/proto.pb.go:80.60,82.14 2 0
sanbright/go_shortener/internal/app/proto/proto.pb.go:82.14,84.34 2 0
sanbright/go_shortener/internal/app/proto/proto.pb.go:84.34,86.4 1 0
sanbright/go_shortener/internal/app/proto/proto.pb.go:87.3,87.12 1 0
sanbright/go_shortener/internal/app/proto/proto.pb.go:89.2,89.24 1 0
sanbright/go_shortener/internal/app/proto/proto.pb.go:93.51,95.2 1 0
sanbright/go_shortener/internal/app/proto/proto.pb.go:97.40,98.14 1 0
sanbright/go_shortener/internal/app/proto/proto.pb.go:98.14,100.3 1 0
sanbright/go_shortener/internal/app/proto/proto.pb.go:101.2,101.10 1 0
sanbright/go_shortener/internal/app/proto/proto.pb.go:104.42,105.14 1 0
sanbright/go_shortener/internal/app/proto/proto.pb.go:105.14,107.3 1 0
sanbright/go_shortener/internal/app/proto/proto.pb.go:108.2,108.11 1 0
sanbright/go_shortener/internal/app/proto/proto.pb.go:118.36,123.2 4 0
sanbright/go_shortener/internal/app/proto/proto.pb.go:125.44,127.2 1 0
sanbright/go_shortener/internal/app/proto/proto.pb.go:129.42,129.43 0 0
sanbright/go_shortener/internal/app/proto/proto.pb.go:131.64,133.14 2 0
sanbright/go_shortener/internal/app/proto/proto.pb.go:133.14,135.34 2 0
sanbright/go_shortener/internal/app/proto/proto.pb.go:135.34,137.4 1 0
sanbright/go_shortener/internal/app/proto/proto.pb.go:138.3,138.12 1 0
sanbright/go_shortener/internal/app/proto/proto.pb.go:140.2,140.24 1 0
sanbright/go_shortener/internal/app/proto/proto.pb.go:144.55,146.2 1 0
sanbright/go_shortener/internal/app/proto/proto.pb.go:148.46,149.14 1 0
sanbright/go_shortener/internal/app/proto/proto.pb.go:149.14,151.3 1 0
sanbright/go_shortener/internal/app/proto/proto.pb.go:152.2,152.11 1 0
sanbright/go_shortener/internal/app/proto/proto.pb.go:164.37,169.2 4 0
sanbright/go_shortener/internal/app/proto/proto.pb.go:171.45,173.2 1 0
sanbright/go_shortener/internal/app/proto/proto.pb.go:175.43,175.44 0 0
sanbright/go_shortener/internal/app/proto/proto.pb.go:177.65,179.14 2 0
sanbright/go_shortener/internal/app/proto/proto.pb.go:179.14,181.34 2 0
sanbright/go_shortener/internal/app/proto/proto.pb.go:181.34,183.4 1 0
sanbright/go_shortener/internal/app/proto/proto.pb.go:184.3,184.12 1 0
sanbright/go_shortener/internal/app/proto/proto.pb.go:186.2,186.24 1 0
sanbright/go_shortener/internal/app/proto/proto.pb.go:190.56,192.2 1 0
sanbright/go_shortener/internal/app/proto/proto.pb.go:194.45,195.14 1 0
sanbright/go_shortener/internal/app/proto/proto.pb.go:195.14,197.3 1 0
sanbright/go_shortener/internal/app/proto/proto.pb.go:198.2,198.10 1 0
sanbright/go_shortener/internal/app/proto/proto.pb.go:201.45,202.14 1 0
sanbright/go_shortener/internal/app/proto/proto.pb.go:202.14,204.3 1 0
sanbright/go_shortener/internal/app/proto/proto.pb.go:205.2,205.10 1 0
sanbright/go_shortener/internal/app/proto/proto.pb.go:208.46,209.14 1 0
sanbright/go_shortener/internal/app/proto/proto.pb.go:209.14,211.3 1 0
sanbright/go_shortener/internal/app/proto/proto.pb.go:212.2,212.10 1 0
sanbright/go_shortener/internal/app/proto/proto.pb.go:222.34,227.2 4 0
sanbright/go_shortener/internal/app/proto/proto.pb.go:229.42,231.2 1 0
sanbright/go_shortener/internal/app/proto/proto.pb.go:233.40,233.41 0 0
sanbright/go_shortener/internal/app/proto/proto.pb.go:235.62,237.14 2 0
sanbright/go_shortener/internal/app/proto/proto.pb.go:237.14,239.34 2 0
sanbright/go_shortener/internal/app/proto/proto.pb.go:239.34,241.4 1 0
sanbright/go_shortener/internal/app/proto/proto.pb.go:242.3,242.12 1 0
sanbright/go_shortener/internal/app/proto/proto.pb.go:244.2,244.24 1 0
sanbright/go_shortener/internal/app/proto/proto.pb.go:248.53,250.2 1 0
sanbright/go_shortener/internal/app/proto/proto.pb.go:252.42,253.14 1 0
sanbright/go_shortener/internal/app/proto/proto.pb.go:253.14,255.3 1 0
sanbright/go_shortener/internal/app/proto/proto.pb.go:256.2,256.11 1 0
sanbright/go_shortener/internal/app/proto/proto.pb.go:266.35,271.2 4 0
sanbright/go_shortener/internal/app/proto/proto.pb.go:273.43,275.2 1 0
sanbright/go_shortener/internal/app/proto/proto.pb.go:277.41,277.42 0 0
sanbright/go_shortener/internal/app/proto/proto.pb.go:279.63,281.14 2 0
sanbright/go_shortener/internal/app/proto/proto.pb.go:281.14,283.34 2 0
sanbright/go_shortener/internal/app/proto/proto.pb.go:283.34,285.4 1 0
sanbright/go_shortener/internal/app/proto/proto.pb.go:286.3,286.12 1 0
sanbright/go_shortener/internal/app/proto/proto.pb.go:288.2,288.24 1 0
sanbright/go_shortener/internal/app/proto/proto.pb.go:292.54,294.2 1 0
sanbright/go_shortener/internal/app/proto/proto.pb.go:296.48,297.14 1 0
sanbright/go_shortener/internal/app/proto/proto.pb.go:297.14,299.3 1 0
sanbright/go_shortener/internal/app/proto/proto.pb.go:300.2,300.11 1 0
sanbright/go_shortener/internal/app/proto/proto.pb.go:342.63,343.60 1 0
sanbright/go_shortener/internal/app/proto/proto.pb.go:343.60,345.3 1 0
sanbright/go_shortener/internal/app/proto/proto.pb.go:346.2,346.56 1 0
sanbright/go_shortener/internal/app/proto/proto.pb.go:370.13,370.59 1 0
sanbright/go_shortener/internal/app/proto/proto.pb.go:371.49,372.48 1 0
sanbright/go_shortener/internal/app/proto/proto.pb.go:372.48,374.3 1 0
sanbright/go_shortener/internal/app/proto/proto.pb.go:375.2,392.51 6 0
sanbright/go_shortener/internal/app/proto/proto_grpc.pb.go:38.66,40.2 1 0
sanbright/go_shortener/internal/app/proto/proto_grpc.pb.go:42.129,46.16 4 0
sanbright/go_shortener/internal/app/proto/proto_grpc.pb.go:46.16,48.3 1 0
sanbright/go_shortener/internal/app/proto/proto_grpc.pb.go:49.2,49.17 1 0
sanbright/go_shortener/internal/app/proto/proto_grpc.pb.go:52.116,56.16 4 0
sanbright/go_shortener/internal/app/proto/proto_grpc.pb.go:56.16,58.3 1 0
sanbright/go_shortener/internal/app/proto/proto_grpc.pb.go:59.2,59.17 1 0
sanbright/go_shortener/internal/app/proto/proto_grpc.pb.go:78.107,80.2 1 0
sanbright/go_shortener/internal/app/proto/proto_grpc.pb.go:81.94,83.2 1 0
sanbright/go_shortener/internal/app/proto/proto_grpc.pb.go:84.74,84.75 0 0
sanbright/go_shortener/internal/app/proto/proto_grpc.pb.go:85.74,85.75 0 0
sanbright/go_shortener/internal/app/proto/proto_grpc.pb.go:94.72,99.59 1 0
sanbright/go_shortener/internal/app/proto/proto_grpc.pb.go:99.59,101.3 1 0
sanbright/go_shortener/internal/app/proto/proto_grpc.pb.go:102.2,102.46 1 0
sanbright/go_shortener/internal/app/proto/proto_grpc.pb.go:105.160,107.32 2 0
sanbright/go_shortener/internal/app/proto/proto_grpc.pb.go:107.32,109.3 1 0
sanbright/go_shortener/internal/app/proto/proto_grpc.pb.go:110.2,110.24 1 0
sanbright/go_shortener/internal/app/proto/proto_grpc.pb.go:110.24,112.3 1 0
sanbright/go_shortener/internal/app/proto/proto_grpc.pb.go:113.2,117.77 2 0
sanbright/go_shortener/internal/app/proto/proto_grpc.pb.go:117.77,119.3 1 0
sanbright/go_shortener/internal/app/proto/proto_grpc.pb.go:120.2,120.44 1 0
sanbright/go_shortener/internal/app/proto/proto_grpc.pb.go:123.157,125.32 2 0
sanbright/go_shortener/internal/app/proto/proto_grpc.pb.go:125.32,127.3 1 0
sanbright/go_shortener/internal/app/proto/proto_grpc.pb.go:128.2,128.24 1 0
sanbright/go_shortener/internal/app/proto/proto_grpc.pb.go:128.24,130.3 1 0
sanbright/go_shortener/internal/app/proto/proto_grpc.pb.go:131.2,135.77 2 0
sanbright/go_shortener/internal/app/proto/proto_grpc.pb.go:135.77,137.3 1 0
sanbright/go_shortener/internal/app/proto/proto_grpc.pb.go:138.2,138.44 1 0
sanbright/go_shortener/internal/app/proto/server.go:21.80,26.2 1 0
sanbright/go_shortener/internal/app/proto/server.go:28.96,37.2 5 0
sanbright/go_shortener/internal/app/proto/server.go:39.77,43.16 3 0
sanbright/go_shortener/internal/app/proto/server.go:43.16,45.3 1 0
sanbright/go_shortener/internal/app/proto/server.go:47.2,47.23 1 0
sanbright/go_shortener/internal/app/repository/repositoryResolver.go:52.78,54.2 1 0
sanbright/go_shortener/internal/app/repository/repositoryResolver.go:57.60,58.35 1 0
sanbright/go_shortener/internal/app/repository/repositoryResolver.go:58.35,61.16 2 0
sanbright/go_shortener/internal/app/repository/repositoryResolver.go:61.16,64.18 2 0
sanbright/go_shortener/internal/app/repository/repositoryResolver.go:64.18,66.5 1 0
sanbright/go_shortener/internal/app/repository/repositoryResolver.go:68.4,70.44 3 0
sanbright/go_shortener/internal/app/repository/repositoryResolver.go:74.2,74.35 1 0
sanbright/go_shortener/internal/app/repository/repositoryResolver.go:74.35,76.17 2 0
sanbright/go_shortener/internal/app/repository/repositoryResolver.go:76.17,78.4 1 0
sanbright/go_shortener/internal/app/repository/repositoryResolver.go:80.3,80.31 1 0
sanbright/go_shortener/internal/app/repository/repositoryResolver.go:80.31,83.4 2 0
sanbright/go_shortener/internal/app/repository/repositoryResolver.go:86.2,87.38 2 0
sanbright/go_shortener/internal/app/repository/repositoryResolver.go:91.47,92.17 1 0
sanbright/go_shortener/internal/app/repository/repositoryResolver.go:92.17,94.3 1 0
sanbright/go_shortener/internal/app/repository/repositoryResolver.go:96.2,97.16 2 0
sanbright/go_shortener/internal/app/repository/repositoryResolver.go:97.16,100.3 2 0
sanbright/go_shortener/internal/app/repository/repositoryResolver.go:102.2,102.16 1 0
sanbright/go_shortener/internal/app/repository/shortLinkDBRepository.go:23.67,25.2 1 0
sanbright/go_shortener/internal/app/repository/shortLinkDBRepository.go:32.118,43.35 3 0
sanbright/go_shortener/internal/app/repository/shortLinkDBRepository.go:43.35,45.3 1 0
sanbright/go_shortener/internal/app/repository/shortLinkDBRepository.go:47.2,47.16 1 0
sanbright/go_shortener/internal/app/repository/shortLinkDBRepository.go:47.16,48.74 1 0
sanbright/go_shortener/internal/app/repository/shortLinkDBRepository.go:48.74,50.4 1 0
sanbright/go_shortener/internal/app/repository/shortLinkDBRepository.go:52.3,52.18 1 0
sanbright/go_shortener/internal/app/repository/shortLinkDBRepository.go:55.2,55.32 1 0
sanbright/go_shortener/internal/app/repository/shortLinkDBRepository.go:61.103,76.35 3 0
sanbright/go_shortener/internal/app/repository/shortLinkDBRepository.go:76.35,78.3 1 0
sanbright/go_shortener/internal/app/repository/shortLinkDBRepository.go:80.2,80.30 1 0
sanbright/go_shortener/internal/app/repository/shortLinkDBRepository.go:86.91,102.35 3 0
sanbright/go_shortener/internal/app/repository/shortLinkDBRepository.go:102.35,104.3 1 0
sanbright/go_shortener/internal/app/repository/shortLinkDBRepository.go:106.2,106.30 1 0
sanbright/go_shortener/internal/app/repository/shortLinkDBRepository.go:112.100,127.35 3 0
sanbright/go_shortener/internal/app/repository/shortLinkDBRepository.go:127.35,129.3 1 0
sanbright/go_shortener/internal/app/repository/shortLinkDBRepository.go:131.2,131.32 1 0
sanbright/go_shortener/internal/app/repository/shortLinkDBRepository.go:137.111,140.16 2 0
sanbright/go_shortener/internal/app/repository/shortLinkDBRepository.go:140.16,142.3 1 0
sanbright/go_shortener/internal/app/repository/shortLinkDBRepository.go:144.2,146.31 2 0
sanbright/go_shortener/internal/app/repository/shortLinkDBRepository.go:146.31,157.17 3 0
sanbright/go_shortener/internal/app/repository/shortLinkDBRepository.go:157.17,158.75 1 0
sanbright/go_shortener/internal/app/repository/shortLinkDBRepository.go:158.75,160.5 1 0
sanbright/go_shortener/internal/app/repository/shortLinkDBRepository.go:162.4,162.19 1 0
sanbright/go_shortener/internal/app/repository/shortLinkDBRepository.go:166.2,168.25 2 0
sanbright/go_shortener/internal/app/repository/shortLinkDBRepository.go:175.88,181.42 5 0
sanbright/go_shortener/internal/app/repository/shortLinkDBRepository.go:181.42,185.3 3 0
sanbright/go_shortener/internal/app/repository/shortLinkDBRepository.go:186.2,189.16 2 0
sanbright/go_shortener/internal/app/repository/shortLinkDBRepository.go:189.16,191.3 1 0
sanbright/go_shortener/internal/app/repository/shortLinkDBRepository.go:193.2,193.12 1 0
sanbright/go_shortener/internal/app/repository/shortLinkDBRepository.go:197.64,201.35 3 0
sanbright/go_shortener/internal/app/repository/shortLinkDBRepository.go:201.35,203.3 1 0
sanbright/go_shortener/internal/app/repository/shortLinkDBRepository.go:205.2,206.35 2 0
sanbright/go_shortener/internal/app/repository/shortLinkDBRepository.go:206.35,208.3 1 0
sanbright/go_shortener/internal/app/repository/shortLinkDBRepository.go:210.2,210.25 1 0
sanbright/go_shortener/internal/app/repository/shortLinkMemoryRepository.go:18.58,22.2 1 0
sanbright/go_shortener/internal/app/repository/shortLinkMemoryRepository.go:27.107,28.62 1 0
sanbright/go_shortener/internal/app/repository/shortLinkMemoryRepository.go:28.62,30.3 1 0
sanbright/go_shortener/internal/app/repository/shortLinkMemoryRepository.go:32.2,32.66 1 0
sanbright/go_shortener/internal/app/repository/shortLinkMemoryRepository.go:38.95,39.31 1 0
sanbright/go_shortener/internal/app/repository/shortLinkMemoryRepository.go:39.31,40.19 1 0
sanbright/go_shortener/internal/app/repository/shortLinkMemoryRepository.go:40.19,42.4 1 0
sanbright/go_shortener/internal/app/repository/shortLinkMemoryRepository.go:45.2,45.58 1 0
sanbright/go_shortener/internal/app/repository/shortLinkMemoryRepository.go:51.104,54.31 2 0
sanbright/go_shortener/internal/app/repository/shortLinkMemoryRepository.go:54.31,55.23 1 0
sanbright/go_shortener/internal/app/repository/shortLinkMemoryRepository.go:55.23,57.4 1 0
sanbright/go_shortener/internal/app/repository/shortLinkMemoryRepository.go:60.2,60.25 1 0
sanbright/go_shortener/internal/app/repository/shortLinkMemoryRepository.go:68.122,71.18 2 0
sanbright/go_shortener/internal/app/repository/shortLinkMemoryRepository.go:71.18,73.3 1 0
sanbright/go_shortener/internal/app/repository/shortLinkMemoryRepository.go:75.2,77.35 2 0
sanbright/go_shortener/internal/app/repository/shortLinkMemoryRepository.go:83.115,84.31 1 0
sanbright/go_shortener/internal/app/repository/shortLinkMemoryRepository.go:84.31,87.17 2 0
sanbright/go_shortener/internal/app/repository/shortLinkMemoryRepository.go:87.17,89.4 1 0
sanbright/go_shortener/internal/app/repository/shortLinkMemoryRepository.go:92.2,92.25 1 0
sanbright/go_shortener/internal/app/repository/shortLinkMemoryRepository.go:99.92,100.42 1 0
sanbright/go_shortener/internal/app/repository/shortLinkMemoryRepository.go:100.42,102.3 1 0
sanbright/go_shortener/internal/app/repository/shortLinkMemoryRepository.go:104.2,104.12 1 0
sanbright/go_shortener/internal/app/repository/shortLinkMemoryRepository.go:108.68,112.40 3 0
sanbright/go_shortener/internal/app/repository/shortLinkMemoryRepository.go:112.40,113.27 1 0
sanbright/go_shortener/internal/app/repository/shortLinkMemoryRepository.go:113.27,115.4 1 0
sanbright/go_shortener/internal/app/repository/shortLinkMemoryRepository.go:117.3,117.29 1 0
sanbright/go_shortener/internal/app/repository/shortLinkMemoryRepository.go:117.29,119.4 1 0
sanbright/go_shortener/internal/app/repository/shortLinkMemoryRepository.go:122.2,122.44 1 0
sanbright/go_shortener/internal/app/repository/shortLinkStorageRepository.go:25.86,27.16 2 0
sanbright/go_shortener/internal/app/repository/shortLinkStorageRepository.go:27.16,29.3 1 0
sanbright/go_shortener/internal/app/repository/shortLinkStorageRepository.go:31.2,31.53 1 0
sanbright/go_shortener/internal/app/repository/shortLinkStorageRepository.go:37.108,41.16 3 0
sanbright/go_shortener/internal/app/repository/shortLinkStorageRepository.go:41.16,43.3 1 0
sanbright/go_shortener/internal/app/repository/shortLinkStorageRepository.go:45.2,46.21 2 0
sanbright/go_shortener/internal/app/repository/shortLinkStorageRepository.go:46.21,47.50 1 0
sanbright/go_shortener/internal/app/repository/shortLinkStorageRepository.go:47.50,49.18 2 0
sanbright/go_shortener/internal/app/repository/shortLinkStorageRepository.go:49.18,51.5 1 0
sanbright/go_shortener/internal/app/repository/shortLinkStorageRepository.go:53.4,53.32 1 0
sanbright/go_shortener/internal/app/repository/shortLinkStorageRepository.go:57.2,57.38 1 0
sanbright/go_shortener/internal/app/repository/shortLinkStorageRepository.go:57.38,59.3 1 0
sanbright/go_shortener/internal/app/repository/shortLinkStorageRepository.go:61.2,61.17 1 0
sanbright/go_shortener/internal/app/repository/shortLinkStorageRepository.go:67.96,71.16 3 0
sanbright/go_shortener/internal/app/repository/shortLinkStorageRepository.go:71.16,73.3 1 0
sanbright/go_shortener/internal/app/repository/shortLinkStorageRepository.go:75.2,76.21 2 0
sanbright/go_shortener/internal/app/repository/shortLinkStorageRepository.go:76.21,77.44 1 0
sanbright/go_shortener/internal/app/repository/shortLinkStorageRepository.go:77.44,79.18 2 0
sanbright/go_shortener/internal/app/repository/shortLinkStorageRepository.go:79.18,81.5 1 0
sanbright/go_shortener/internal/app/repository/shortLinkStorageRepository.go:83.4,83.32 1 0
sanbright/go_shortener/internal/app/repository/shortLinkStorageRepository.go:87.2,87.38 1 0
sanbright/go_shortener/internal/app/repository/shortLinkStorageRepository.go:87.38,89.3 1 0
sanbright/go_shortener/internal/app/repository/shortLinkStorageRepository.go:91.2,91.17 1 0
sanbright/go_shortener/internal/app/repository/shortLinkStorageRepository.go:97.105,102.16 4 0
sanbright/go_shortener/internal/app/repository/shortLinkStorageRepository.go:102.16,104.3 1 0
sanbright/go_shortener/internal/app/repository/shortLinkStorageRepository.go:106.2,107.21 2 0
sanbright/go_shortener/internal/app/repository/shortLinkStorageRepository.go:107.21,108.54 1 0
sanbright/go_shortener/internal/app/repository/shortLinkStorageRepository.go:108.54,110.18 2 0
sanbright/go_shortener/internal/app/repository/shortLinkStorageRepository.go:110.18,112.5 1 0
sanbright/go_shortener/internal/app/repository/shortLinkStorageRepository.go:114.4,114.52 1 0
sanbright/go_shortener/internal/app/repository/shortLinkStorageRepository.go:118.2,118.25 1 0
sanbright/go_shortener/internal/app/repository/shortLinkStorageRepository.go:126.123,129.18 2 0
sanbright/go_shortener/internal/app/repository/shortLinkStorageRepository.go:129.18,131.3 1 0
sanbright/go_shortener/internal/app/repository/shortLinkStorageRepository.go:133.2,137.16 3 0
sanbright/go_shortener/internal/app/repository/shortLinkStorageRepository.go:137.16,139.3 1 0
sanbright/go_shortener/internal/app/repository/shortLinkStorageRepository.go:141.2,143.16 2 0
sanbright/go_shortener/internal/app/repository/shortLinkStorageRepository.go:143.16,145.3 1 0
sanbright/go_shortener/internal/app/repository/shortLinkStorageRepository.go:147.2,147.32 1 0
sanbright/go_shortener/internal/app/repository/shortLinkStorageRepository.go:153.116,154.31 1 0
sanbright/go_shortener/internal/app/repository/shortLinkStorageRepository.go:154.31,157.17 2 0
sanbright/go_shortener/internal/app/repository/shortLinkStorageRepository.go:157.17,159.4 1 0
sanbright/go_shortener/internal/app/repository/shortLinkStorageRepository.go:162.2,162.25 1 0
sanbright/go_shortener/internal/app/repository/shortLinkStorageRepository.go:169.93,171.2 1 0
sanbright/go_shortener/internal/app/repository/shortLinkStorageRepository.go:174.69,176.2 1 0
sanbright/go_shortener/internal/app/repository/error/dbError.go:13.48,15.2 1 0
sanbright/go_shortener/internal/app/repository/error/dbError.go:18.60,23.2 1 0
sanbright/go_shortener/internal/app/service/pingService.go:14.74,16.2 1 0
sanbright/go_shortener/internal/app/service/pingService.go:18.36,20.16 2 0
sanbright/go_shortener/internal/app/service/pingService.go:20.16,23.3 2 0
sanbright/go_shortener/internal/app/service/pingService.go:25.2,28.16 3 0
sanbright/go_shortener/internal/app/service/pingService.go:28.16,31.3 2 0
sanbright/go_shortener/internal/app/service/pingService.go:33.2,33.12 1 0
sanbright/go_shortener/internal/app/service/readShortLinkService.go:18.96,20.2 1 0
sanbright/go_shortener/internal/app/service/readShortLinkService.go:24.104,26.2 1 0
sanbright/go_shortener/internal/app/service/readShortLinkService.go:30.100,32.2 1 0
sanbright/go_shortener/internal/app/service/readShortLinkService.go:34.76,38.2 2 0
sanbright/go_shortener/internal/app/service/statisticService.go:12.95,14.2 1 0
sanbright/go_shortener/internal/app/service/statisticService.go:16.65,20.2 2 0
sanbright/go_shortener/internal/app/service/writeShortLinkService.go:25.159,27.2 1 0
sanbright/go_shortener/internal/app/service/writeShortLinkService.go:33.103,38.16 3 0
sanbright/go_shortener/internal/app/service/writeShortLinkService.go:38.16,41.31 2 0
sanbright/go_shortener/internal/app/service/writeShortLinkService.go:41.31,45.4 2 0
sanbright/go_shortener/internal/app/service/writeShortLinkService.go:47.3,47.18 1 0
sanbright/go_shortener/internal/app/service/writeShortLinkService.go:50.2,50.29 1 0
sanbright/go_shortener/internal/app/service/writeShortLinkService.go:57.117,60.33 2 0
sanbright/go_shortener/internal/app/service/writeShortLinkService.go:60.33,67.3 1 0
sanbright/go_shortener/internal/app/service/writeShortLinkService.go:69.2,71.16 2 0
sanbright/go_shortener/internal/app/service/writeShortLinkService.go:71.16,73.3 1 0
sanbright/go_shortener/internal/app/service/writeShortLinkService.go:75.2,75.20 1 0
sanbright/go_shortener/internal/app/service/writeShortLinkService.go:82.100,86.42 4 0
sanbright/go_shortener/internal/app/service/writeShortLinkService.go:86.42,89.13 2 0
sanbright/go_shortener/internal/app/service/writeShortLinkService.go:89.13,91.4 1 0
sanbright/go_shortener/internal/app/service/writeShortLinkService.go:91.9,95.4 3 0
sanbright/go_shortener/internal/app/service/writeShortLinkService.go:99.2,100.20 2 0
sanbright/go_shortener/internal/app/service/writeShortLinkService.go:100.20,103.3 2 0
sanbright/go_shortener/internal/app/service/writeShortLinkService.go:105.2,108.41 4 0
sanbright/go_shortener/internal/app/service/writeShortLinkService.go:108.41,110.3 1 0
sanbright/go_shortener/internal/app/service/writeShortLinkService.go:112.2,112.21 1 0
sanbright/go_shortener/internal/app/service/writeShortLinkService.go:118.86,120.12 2 0
sanbright/go_shortener/internal/app/service/writeShortLinkService.go:120.12,122.32 2 0
sanbright/go_shortener/internal/app/service/writeShortLinkService.go:122.32,124.4 1 0
sanbright/go_shortener/internal/app/service/writeShortLinkService.go:127.2,127.14 1 0
sanbright/go_shortener/internal/app/service/writeShortLinkService.go:134.111,137.12 2 0
sanbright/go_shortener/internal/app/service/writeShortLinkService.go:137.12,139.32 2 0
sanbright/go_shortener/internal/app/service/writeShortLinkService.go:139.32,141.18 2 0
sanbright/go_shortener/internal/app/service/writeShortLinkService.go:141.18,149.5 2 0
sanbright/go_shortener/internal/app/service/writeShortLinkService.go:151.4,151.23 1 0
sanbright/go_shortener/internal/app/service/writeShortLinkService.go:155.2,155.14 1 0
sanbright/go_shortener/internal/app/service/writeShortLinkService.go:158.81,162.34 3 0
sanbright/go_shortener/internal/app/service/writeShortLinkService.go:162.34,163.20 1 0
sanbright/go_shortener/internal/app/service/writeShortLinkService.go:163.20,165.4 1 0
sanbright/go_shortener/internal/app/service/writeShortLinkService.go:166.3,166.12 1 0
sanbright/go_shortener/internal/app/service/writeShortLinkService.go:169.2,170.24 2 0
sanbright/go_shortener/internal/app/service/writeShortLinkService.go:170.24,172.3 1 0
sanbright/go_shortener/internal/app/service/writeShortLinkService.go:174.2,174.12 1 0
sanbright/go_shortener/internal/app/service/writeShortLinkService.go:174.12,177.3 2 0
sanbright/go_shortener/internal/app/service/writeShortLinkService.go:179.2,179.14 1 0
sanbright/go_shortener/internal/config/config.go:65.20,67.29 1 0
sanbright/go_shortener/internal/config/config.go:67.29,69.3 1 0
sanbright/go_shortener/internal/config/config.go:71.2,71.23 1 0
sanbright/go_shortener/internal/config/config.go:71.23,73.3 1 0
sanbright/go_shortener/internal/config/config.go:75.2,75.27 1 0
sanbright/go_shortener/internal/config/config.go:75.27,77.3 1 0
sanbright/go_shortener/internal/config/config.go:79.2,79.27 1 0
sanbright/go_shortener/internal/config/config.go:79.27,81.17 2 0
sanbright/go_shortener/internal/config/config.go:81.17,83.4 1 0
sanbright/go_shortener/internal/config/config.go:84.3,84.46 1 0
sanbright/go_shortener/internal/config/config.go:87.2,112.16 21 0
sanbright/go_shortener/internal/config/config.go:112.16,114.3 1 0
sanbright/go_shortener/internal/config/config.go:116.2,118.16 3 0
sanbright/go_shortener/internal/config/config.go:118.16,120.3 1 0
sanbright/go_shortener/internal/config/config.go:122.2,130.8 1 0
sanbright/go_shortener/internal/config/config.go:134.44,136.22 2 0
sanbright/go_shortener/internal/config/config.go:136.22,138.17 2 0
sanbright/go_shortener/internal/config/config.go:138.17,140.4 1 0
sanbright/go_shortener/internal/config/config.go:142.3,142.63 1 0
sanbright/go_shortener/internal/config/config.go:142.63,144.4 1 0
sanbright/go_shortener/internal/config/config.go:147.2,147.19 1 0
sanbright/go_shortener/internal/config/config.go:151.43,156.2 3 0
sanbright/go_shortener/internal/config/config.go:159.51,161.16 2 0
sanbright/go_shortener/internal/config/config.go:161.16,163.3 1 0
sanbright/go_shortener/internal/config/config.go:165.2,168.12 3 0
sanbright/go_shortener/internal/config/config.go:172.60,176.16 2 0
sanbright/go_shortener/internal/config/config.go:176.16,178.3 1 0
sanbright/go_shortener/internal/config/config.go:180.2,181.12 2 0
sanbright/go_shortener/internal/config/config.go:185.40,187.2 1 0
sanbright/go_shortener/internal/config/config.go:190.48,194.2 2 0
sanbright/go_shortener/internal/config/config.go:197.57,200.16 2 0
sanbright/go_shortener/internal/config/config.go:200.16,202.3 1 0
sanbright/go_shortener/internal/config/config.go:204.2,206.12 2 0
sanbright/go_shortener/cmd/shortener/main.go:44.47,56.2 5 0
sanbright/go_shortener/cmd/shortener/main.go:58.32,60.16 2 0
sanbright/go_shortener/cmd/shortener/main.go:60.16,61.13 1 0
sanbright/go_shortener/cmd/shortener/main.go:64.2,64.15 1 0
sanbright/go_shortener/cmd/shortener/main.go:67.13,79.16 2 0
sanbright/go_shortener/cmd/shortener/main.go:79.16,81.3 1 0
sanbright/go_shortener/cmd/shortener/main.go:83.2,92.34 7 0
sanbright/go_shortener/cmd/shortener/main.go:92.34,94.3 1 0
sanbright/go_shortener/cmd/shortener/main.go:94.8,104.13 4 0
sanbright/go_shortener/cmd/shortener/main.go:104.13,106.27 2 0
sanbright/go_shortener/cmd/shortener/main.go:106.27,109.5 2 0
sanbright/go_shortener/cmd/shortener/main.go:109.10,112.5 2 0
sanbright/go_shortener/cmd/shortener/main.go:114.4,114.21 1 0
sanbright/go_shortener/cmd/shortener/main.go:114.21,116.5 1 0
sanbright/go_shortener/cmd/shortener/main.go:118.4,118.14 1 0
sanbright/go_shortener/cmd/shortener/main.go:121.3,125.43 4 0
sanbright/go_shortener/cmd/shortener/main.go:125.43,127.4 1 0
sanbright/go_shortener/cmd/shortener/main.go:129.3,129.11 1 0
sanbright/go_shortener/cmd/shortener/main.go:133.115,139.2 3 0
sanbright/go_shortener/cmd/shortener/main.go:141.68,144.16 2 0
sanbright/go_shortener/cmd/shortener/main.go:144.16,146.3 1 0
sanbright/go_shortener/cmd/shortener/main.go:148.2,155.39 5 0
sanbright/go_shortener/cmd/shortener/main.go:155.39,157.3 1 0
sanbright/go_shortener/cmd/shortener/main.go:159.2,159.15 1 0
sanbright/go_shortener/cmd/shortener/main.go:159.15,160.35 1 0
sanbright/go_shortener/cmd/shortener/main.go:160.35,162.4 1 0
sanbright/go_shortener/cmd/shortener/main.go:166.76,200.2 27 0
sanbright/go_shortener/cmd/staticlint/multichecker.go:18.13,28.42 3 0
sanbright/go_shortener/cmd/staticlint/multichecker.go:28.42,29.65 1 0
sanbright/go_shortener/cmd/staticlint/multichecker.go:29.65,31.4 1 0
sanbright/go_shortener/cmd/staticlint/multichecker.go:34.2,35.16 2 0
sanbright/go_shortener/cmd/staticlint/multichecker.go:35.16,37.3 1 0
sanbright/go_shortener/cmd/staticlint/multichecker.go:39.2,44.3 3 0
sanbright/go_shortener/cmd/staticlint/noexitanalyzer/noexitanalyzer.go:17.52,18.34 1 0
sanbright/go_shortener/cmd/staticlint/noexitanalyzer/noexitanalyzer.go:18.34,19.82 1 0
sanbright/go_shortener/cmd/staticlint/noexitanalyzer/noexitanalyzer.go:19.82,20.44 1 0
sanbright/go_shortener/cmd/staticlint/noexitanalyzer/noexitanalyzer.go:20.44,21.66 1 0
sanbright/go_shortener/cmd/staticlint/noexitanalyzer/noexitanalyzer.go:21.66,22.49 1 0
sanbright/go_shortener/cmd/staticlint/noexitanalyzer/noexitanalyzer.go:22.49,23.44 1 0
sanbright/go_shortener/cmd/staticlint/noexitanalyzer/noexitanalyzer.go:23.44,24.55 1 0
sanbright/go_shortener/cmd/staticlint/noexitanalyzer/noexitanalyzer.go:24.55,25.52 1 0
sanbright/go_shortener/cmd/staticlint/noexitanalyzer/noexitanalyzer.go:26.68,27.75 1 0
sanbright/go_shortener/cmd/staticlint/noexitanalyzer/noexitanalyzer.go:31.7,31.18 1 0
sanbright/go_shortener/cmd/staticlint/noexitanalyzer/noexitanalyzer.go:34.5,34.16 1 0
sanbright/go_shortener/cmd/staticlint/noexitanalyzer/noexitanalyzer.go:39.2,39.17 1 0
sanbright/go_shortener/cmd/staticlint/revive/revive.go:7.34,11.2 3 0
sanbright/go_shortener/internal/app/entity/shortLinkEntity.go:18.87,26.2 1 0
sanbright/go_shortener/internal/app/generator/cryptGenerator.go:20.52,22.2 1 1
sanbright/go_shortener/internal/app/generator/cryptGenerator.go:25.68,28.16 3 1
sanbright/go_shortener/internal/app/generator/cryptGenerator.go:28.16,30.3 1 0
sanbright/go_shortener/internal/app/generator/cryptGenerator.go:32.2,34.55 3 1
sanbright/go_shortener/internal/app/generator/cryptGenerator.go:34.55,36.3 1 0
sanbright/go_shortener/internal/app/generator/cryptGenerator.go:38.2,41.59 3 1
sanbright/go_shortener/internal/app/generator/cryptGenerator.go:45.68,47.16 2 1
sanbright/go_shortener/internal/app/generator/cryptGenerator.go:47.16,49.3 1 0
sanbright/go_shortener/internal/app/generator/cryptGenerator.go:51.2,52.16 2 1
sanbright/go_shortener/internal/app/generator/cryptGenerator.go:52.16,54.3 1 0
sanbright/go_shortener/internal/app/generator/cryptGenerator.go:56.2,56.37 1 1
sanbright/go_shortener/internal/app/generator/cryptGenerator.go:56.37,58.3 1 0
sanbright/go_shortener/internal/app/generator/cryptGenerator.go:60.2,66.32 5 1
sanbright/go_shortener/internal/app/generator/shortLinkGenerator.go:17.60,19.2 1 1
sanbright/go_shortener/internal/app/generator/shortLinkGenerator.go:22.60,24.2 1 1
sanbright/go_shortener/internal/app/handler/deleteUserShortLinkHandler.go:22.140,24.2 1 0
sanbright/go_shortener/internal/app/handler/deleteUserShortLinkHandler.go:27.69,29.9 2 0
sanbright/go_shortener/internal/app/handler/deleteUserShortLinkHandler.go:29.9,33.3 3 0
sanbright/go_shortener/internal/app/handler/deleteUserShortLinkHandler.go:35.2,41.16 5 0
sanbright/go_shortener/internal/app/handler/deleteUserShortLinkHandler.go:41.16,43.3 1 0
sanbright/go_shortener/internal/app/handler/deleteUserShortLinkHandler.go:45.2,46.16 2 0
sanbright/go_shortener/internal/app/handler/deleteUserShortLinkHandler.go:46.16,48.3 1 0
sanbright/go_shortener/internal/app/handler/deleteUserShortLinkHandler.go:50.2,52.33 2 0
sanbright/go_shortener/internal/app/handler/getPingHandler.go:18.74,22.2 1 0
sanbright/go_shortener/internal/app/handler/getPingHandler.go:25.57,29.16 2 0
sanbright/go_shortener/internal/app/handler/getPingHandler.go:29.16,34.3 4 0
sanbright/go_shortener/internal/app/handler/getPingHandler.go:36.2,36.39 1 0
sanbright/go_shortener/internal/app/handler/getShortLinkHandler.go:16.89,18.2 1 0
sanbright/go_shortener/internal/app/handler/getShortLinkHandler.go:21.62,24.16 2 0
sanbright/go_shortener/internal/app/handler/getShortLinkHandler.go:24.16,28.3 3 0
sanbright/go_shortener/internal/app/handler/getShortLinkHandler.go:30.2,30.28 1 0
sanbright/go_shortener/internal/app/handler/getShortLinkHandler.go:30.28,34.3 3 0
sanbright/go_shortener/internal/app/handler/getShortLinkHandler.go:36.2,38.31 2 0
sanbright/go_shortener/internal/app/handler/getShortLinkHandler.go:38.31,42.3 3 0
sanbright/go_shortener/internal/app/handler/getShortLinkHandler.go:44.2,44.65 1 0
sanbright/go_shortener/internal/app/handler/getStatsHandler.go:15.81,17.2 1 0
sanbright/go_shortener/internal/app/handler/getStatsHandler.go:20.58,28.2 5 0
sanbright/go_shortener/internal/app/handler/getUserShortLinkHandler.go:21.133,23.2 1 0
sanbright/go_shortener/internal/app/handler/getUserShortLinkHandler.go:26.66,28.9 2 0
sanbright/go_shortener/internal/app/handler/getUserShortLinkHandler.go:28.9,32.3 3 0
sanbright/go_shortener/internal/app/handler/getUserShortLinkHandler.go:34.2,38.36 4 0
sanbright/go_shortener/internal/app/handler/getUserShortLinkHandler.go:38.36,42.75 2 0
sanbright/go_shortener/internal/app/handler/getUserShortLinkHandler.go:42.75,50.4 4 0
sanbright/go_shortener/internal/app/handler/getUserShortLinkHandler.go:52.3,52.39 1 0
sanbright/go_shortener/internal/app/handler/getUserShortLinkHandler.go:52.39,57.4 1 0
sanbright/go_shortener/internal/app/handler/getUserShortLinkHandler.go:60.2,63.24 3 0
sanbright/go_shortener/internal/app/handler/postAPIShortLinkHandler.go:25.134,27.2 1 0
sanbright/go_shortener/internal/app/handler/postAPIShortLinkHandler.go:30.66,36.16 5 0
sanbright/go_shortener/internal/app/handler/postAPIShortLinkHandler.go:36.16,41.3 4 0
sanbright/go_shortener/internal/app/handler/postAPIShortLinkHandler.go:43.2,43.57 1 0
sanbright/go_shortener/internal/app/handler/postAPIShortLinkHandler.go:43.57,48.3 4 0
sanbright/go_shortener/internal/app/handler/postAPIShortLinkHandler.go:50.2,50.23 1 0
sanbright/go_shortener/internal/app/handler/postAPIShortLinkHandler.go:50.23,58.3 4 0
sanbright/go_shortener/internal/app/handler/postAPIShortLinkHandler.go:60.2,61.9 2 0
sanbright/go_shortener/internal/app/handler/postAPIShortLinkHandler.go:61.9,65.3 3 0
sanbright/go_shortener/internal/app/handler/postAPIShortLinkHandler.go:67.2,72.16 4 0
sanbright/go_shortener/internal/app/handler/postAPIShortLinkHandler.go:72.16,75.31 2 0
sanbright/go_shortener/internal/app/handler/postAPIShortLinkHandler.go:75.31,77.4 1 0
sanbright/go_shortener/internal/app/handler/postAPIShortLinkHandler.go:77.9,81.4 3 0
sanbright/go_shortener/internal/app/handler/postAPIShortLinkHandler.go:84.2,91.24 5 0
sanbright/go_shortener/internal/app/handler/postBatchShortLinkHandler.go:24.138,26.2 1 0
sanbright/go_shortener/internal/app/handler/postBatchShortLinkHandler.go:29.68,37.16 6 0
sanbright/go_shortener/internal/app/handler/postBatchShortLinkHandler.go:37.16,41.3 3 0
sanbright/go_shortener/internal/app/handler/postBatchShortLinkHandler.go:43.2,43.57 1 0
sanbright/go_shortener/internal/app/handler/postBatchShortLinkHandler.go:43.57,47.3 3 0
sanbright/go_shortener/internal/app/handler/postBatchShortLinkHandler.go:48.2,51.9 3 0
sanbright/go_shortener/internal/app/handler/postBatchShortLinkHandler.go:51.9,55.3 3 0
sanbright/go_shortener/internal/app/handler/postBatchShortLinkHandler.go:57.2,63.16 4 0
sanbright/go_shortener/internal/app/handler/postBatchShortLinkHandler.go:63.16,67.31 3 0
sanbright/go_shortener/internal/app/handler/postBatchShortLinkHandler.go:67.31,70.4 2 0
sanbright/go_shortener/internal/app/handler/postBatchShortLinkHandler.go:70.9,74.4 3 0
sanbright/go_shortener/internal/app/handler/postBatchShortLinkHandler.go:77.2,77.32 1 0
sanbright/go_shortener/internal/app/handler/postBatchShortLinkHandler.go:77.32,82.3 1 0
sanbright/go_shortener/internal/app/handler/postBatchShortLinkHandler.go:84.2,87.24 3 0
sanbright/go_shortener/internal/app/handler/postShortLinkHandler.go:23.108,25.2 1 0
sanbright/go_shortener/internal/app/handler/postShortLinkHandler.go:28.63,30.18 2 0
sanbright/go_shortener/internal/app/handler/postShortLinkHandler.go:30.18,33.3 2 0
sanbright/go_shortener/internal/app/handler/postShortLinkHandler.go:35.2,36.16 2 0
sanbright/go_shortener/internal/app/handler/postShortLinkHandler.go:36.16,40.3 3 0
sanbright/go_shortener/internal/app/handler/postShortLinkHandler.go:42.2,45.9 3 0
sanbright/go_shortener/internal/app/handler/postShortLinkHandler.go:45.9,49.3 3 0
sanbright/go_shortener/internal/app/handler/postShortLinkHandler.go:51.2,56.16 4 0
sanbright/go_shortener/internal/app/handler/postShortLinkHandler.go:56.16,59.31 2 0
sanbright/go_shortener/internal/app/handler/postShortLinkHandler.go:59.31,61.4 1 0
sanbright/go_shortener/internal/app/handler/postShortLinkHandler.go:61.9,65.4 3 0
sanbright/go_shortener/internal/app/handler/postShortLinkHandler.go:68.2,69.77 2 0
sanbright/go_shortener/internal/app/middleware/auth.go:13.80,14.30 1 0
sanbright/go_shortener/internal/app/middleware/auth.go:14.30,16.17 2 0
sanbright/go_shortener/internal/app/middleware/auth.go:16.17,21.43 2 0
sanbright/go_shortener/internal/app/middleware/auth.go:21.43,25.5 1 0
sanbright/go_shortener/internal/app/middleware/auth.go:27.4,29.10 3 0
sanbright/go_shortener/internal/app/middleware/auth.go:32.3,39.11 4 0
sanbright/go_shortener/internal/app/middleware/authGen.go:12.98,13.30 1 0
sanbright/go_shortener/internal/app/middleware/authGen.go:13.30,15.17 2 0
sanbright/go_shortener/internal/app/middleware/authGen.go:15.17,20.43 2 0
sanbright/go_shortener/internal/app/middleware/authGen.go:20.43,24.5 1 0
sanbright/go_shortener/internal/app/middleware/authGen.go:26.4,33.5 4 0
sanbright/go_shortener/internal/app/middleware/authGen.go:36.3,45.11 4 0
sanbright/go_shortener/internal/app/middleware/ipFilter.go:12.73,13.30 1 0
sanbright/go_shortener/internal/app/middleware/ipFilter.go:13.30,17.15 3 0
sanbright/go_shortener/internal/app/middleware/ipFilter.go:17.15,21.4 3 0
sanbright/go_shortener/internal/app/middleware/ipFilter.go:23.3,23.34 1 0
sanbright/go_shortener/internal/app/middleware/ipFilter.go:23.34,27.4 3 0
sanbright/go_shortener/internal/app/middleware/ipFilter.go:29.3,29.11 1 0
sanbright/go_shortener/internal/app/middleware/ipFilter.go:33.52,35.15 2 0
sanbright/go_shortener/internal/app/middleware/ipFilter.go:35.15,37.3 1 0
sanbright/go_shortener/internal/app/middleware/ipFilter.go:39.2,39.63 1 0
sanbright/go_shortener/internal/app/middleware/ipFilter.go:39.63,40.25 1 0
sanbright/go_shortener/internal/app/middleware/ipFilter.go:40.25,42.4 1 0
sanbright/go_shortener/internal/app/middleware/ipFilter.go:45.2,46.33 2 0
sanbright/go_shortener/internal/app/middleware/ipFilter.go:46.33,47.58 1 0
sanbright/go_shortener/internal/app/middleware/ipFilter.go:47.58,48.26 1 0
sanbright/go_shortener/internal/app/middleware/ipFilter.go:48.26,50.5 1 0
sanbright/go_shortener/internal/app/middleware/ipFilter.go:54.2,54.14 1 0
sanbright/go_shortener/internal/app/middleware/logger.go:11.49,12.30 1 0
sanbright/go_shortener/internal/app/middleware/logger.go:12.30,30.3 5 0
sanbright/go_shortener/internal/app/proto/proto.pb.go:29.31,34.2 4 0
sanbright/go_shortener/internal/app/proto/proto.pb.go:36.39,38.2 1 0
sanbright/go_shortener/internal/app/proto/proto.pb.go:40.37,40.38 0 0
sanbright/go_shortener/internal/app/proto/proto.pb.go:42.59,44.14 2 0
sanbright/go_shortener/internal/app/proto/proto.pb.go:44.14,46.34 2 0
sanbright/go_shortener/internal/app/proto/proto.pb.go:46.34,48.4 1 0
sanbright/go_shortener/internal/app/proto/proto.pb.go:49.3,49.12 1 0
sanbright/go_shortener/internal/app/proto/proto.pb.go:51.2,51.24 1 0
sanbright/go_shortener/internal/app/proto/proto.pb.go:55.50,57.2 1 0
sanbright/go_shortener/internal/app/proto/proto.pb.go:67.32,72.2 4 0
sanbright/go_shortener/internal/app/proto/proto.pb.go:74.40,76.2 1 0
sanbright/go_shortener/internal/app/proto/proto.pb.go:78.38,78.39 0 0
sanbright/go_shortener/internal/app/proto/proto.pb.go:80.60,82.14 2 0
sanbright/go_shortener/internal/app/proto/proto.pb.go:82.14,84.34 2 0
sanbright/go_shortener/internal/app/proto/proto.pb.go:84.34,86.4 1 0
sanbright/go_shortener/internal/app/proto/proto.pb.go:87.3,87.12 1 0
sanbright/go_shortener/internal/app/proto/proto.pb.go:89.2,89.24 1 0
sanbright/go_shortener/internal/app/proto/proto.pb.go:93.51,95.2 1 0
sanbright/go_shortener/internal/app/proto/proto.pb.go:97.40,98.14 1 0
sanbright/go_shortener/internal/app/proto/proto.pb.go:98.14,100.3 1 0
sanbright/go_shortener/internal/app/proto/proto.pb.go:101.2,101.10 1 0
sanbright/go_shortener/internal/app/proto/proto.pb.go:104.42,105.14 1 0
sanbright/go_shortener/internal/app/proto/proto.pb.go:105.14,107.3 1 0
sanbright/go_shortener/internal/app/proto/proto.pb.go:108.2,108.11 1 0
sanbright/go_shortener/internal/app/proto/proto.pb.go:118.36,123.2 4 0
sanbright/go_shortener/internal/app/proto/proto.pb.go:125.44,127.2 1 0
sanbright/go_shortener/internal/app/proto/proto.pb.go:129.42,129.43 0 0
sanbright/go_shortener/internal/app/proto/proto.pb.go:131.64,133.14 2 0
sanbright/go_shortener/internal/app/proto/proto.pb.go:133.14,135.34 2 0
sanbright/go_shortener/internal/app/proto/proto.pb.go:135.34,137.4 1 0
sanbright/go_shortener/internal/app/proto/proto.pb.go:138.3,138.12 1 0
sanbright/go_shortener/internal/app/proto/proto.pb.go:140.2,140.24 1 0
sanbright/go_shortener/internal/app/proto/proto.pb.go:144.55,146.2 1 0
sanbright/go_shortener/internal/app/proto/proto.pb.go:148.46,149.14 1 0
sanbright/go_shortener/internal/app/proto/proto.pb.go:149.14,151.3 1 0
sanbright/go_shortener/internal/app/proto/proto.pb.go:152.2,152.11 1 0
sanbright/go_shortener/internal/app/proto/proto.pb.go:164.37,169.2 4 0
sanbright/go_shortener/internal/app/proto/proto.pb.go:171.45,173.2 1 0
sanbright/go_shortener/internal/app/proto/proto.pb.go:175.43,175.44 0 0
sanbright/go_shortener/internal/app/proto/proto.pb.go:177.65,179.14 2 0
sanbright/go_shortener/internal/app/proto/proto.pb.go:179.14,181.34 2 0
sanbright/go_shortener/internal/app/proto/proto.pb.go:181.34,183.4 1 0
sanbright/go_shortener/internal/app/proto/proto.pb.go:184.3,184.12 1 0
sanbright/go_shortener/internal/app/proto/proto.pb.go:186.2,186.24 1 0
sanbright/go_shortener/internal/app/proto/proto.pb.go:190.56,192.2 1 0
sanbright/go_shortener/internal/app/proto/proto.pb.go:194.45,195.14 1 0
sanbright/go_shortener/internal/app/proto/proto.pb.go:195.14,197.3 1 0
sanbright/go_shortener/internal/app/proto/proto.pb.go:198.2,198.10 1 0
sanbright/go_shortener/internal/app/proto/proto.pb.go:201.45,202.14 1 0
sanbright/go_shortener/internal/app/proto/proto.pb.go:202.14,204.3 1 0
sanbright/go_shortener/internal/app/proto/proto.pb.go:205.2,205.10 1 0
sanbright/go_shortener/internal/app/proto/proto.pb.go:208.46,209.14 1 0
sanbright/go_shortener/internal/app/proto/proto.pb.go:209.14,211.3 1 0
sanbright/go_shortener/internal/app/proto/proto.pb.go:212.2,212.10 1 0
sanbright/go_shortener/internal/app/proto/proto.pb.go:222.34,227.2 4 0
sanbright/go_shortener/internal/app/proto/proto.pb.go:229.42,231.2 1 0
sanbright/go_shortener/internal/app/proto/proto.pb.go:233.40,233.41 0 0
sanbright/go_shortener/internal/app/proto/proto.pb.go:235.62,237.14 2 0
sanbright/go_shortener/internal/app/proto/proto.pb.go:237.14,239.34 2 0
sanbright/go_shortener/internal/app/proto/proto.pb.go:239.34,241.4 1 0
sanbright/go_shortener/internal/app/proto/proto.pb.go:242.3,242.12 1 0
sanbright/go_shortener/internal/app/proto/proto.pb.go:244.2,244.24 1 0
sanbright/go_shortener/internal/app/proto/proto.pb.go:248.53,250.2 1 0
sanbright/go_shortener/internal/app/proto/proto.pb.go:252.42,253.14 1 0
sanbright/go_shortener/internal/app/proto/proto.pb.go:253.14,255.3 1 0
sanbright/go_shortener/internal/app/proto/proto.pb.go:256.2,256.11 1 0
sanbright/go_shortener/internal/app/proto/proto.pb.go:266.35,271.2 4 0
sanbright/go_shortener/internal/app/proto/proto.pb.go:273.43,275.2 1 0
sanbright/go_shortener/internal/app/proto/proto.pb.go:277.41,277.42 0 0
sanbright/go_shortener/internal/app/proto/proto.pb.go:279.63,281.14 2 0
sanbright/go_shortener/internal/app/proto/proto.pb.go:281.14,283.34 2 0
sanbright/go_shortener/internal/app/proto/proto.pb.go:283.34,285.4 1 0
sanbright/go_shortener/internal/app/proto/proto.pb.go:286.3,286.12 1 0
sanbright/go_shortener/internal/app/proto/proto.pb.go:288.2,288.24 1 0
sanbright/go_shortener/internal/app/proto/proto.pb.go:292.54,294.2 1 0
sanbright/go_shortener/internal/app/proto/proto.pb.go:296.48,297.14 1 0
sanbright/go_shortener/internal/app/proto/proto.pb.go:297.14,299.3 1 0
sanbright/go_shortener/internal/app/proto/proto.pb.go:300.2,300.11 1 0
sanbright/go_shortener/internal/app/proto/proto.pb.go:342.63,343.60 1 0
sanbright/go_shortener/internal/app/proto/proto.pb.go:343.60,345.3 1 0
sanbright/go_shortener/internal/app/proto/proto.pb.go:346.2,346.56 1 0
sanbright/go_shortener/internal/app/proto/proto.pb.go:370.13,370.59 1 0
sanbright/go_shortener/internal/app/proto/proto.pb.go:371.49,372.48 1 0
sanbright/go_shortener/internal/app/proto/proto.pb.go:372.48,374.3 1 0
sanbright/go_shortener/internal/app/proto/proto.pb.go:375.2,392.51 6 0
sanbright/go_shortener/internal/app/proto/proto_grpc.pb.go:38.66,40.2 1 0
sanbright/go_shortener/internal/app/proto/proto_grpc.pb.go:42.129,46.16 4 0
sanbright/go_shortener/internal/app/proto/proto_grpc.pb.go:46.16,48.3 1 0
sanbright/go_shortener/internal/app/proto/proto_grpc.pb.go:49.2,49.17 1 0
sanbright/go_shortener/internal/app/proto/proto_grpc.pb.go:52.116,56.16 4 0
sanbright/go_shortener/internal/app/proto/proto_grpc.pb.go:56.16,58.3 1 0
sanbright/go_shortener/internal/app/proto/proto_grpc.pb.go:59.2,59.17 1 0
sanbright/go_shortener/internal/app/proto/proto_grpc.pb.go:78.107,80.2 1 0
sanbright/go_shortener/internal/app/proto/proto_grpc.pb.go:81.94,83.2 1 0
sanbright/go_shortener/internal/app/proto/proto_grpc.pb.go:84.74,84.75 0 0
sanbright/go_shortener/internal/app/proto/proto_grpc.pb.go:85.74,85.75 0 0
sanbright/go_shortener/internal/app/proto/proto_grpc.pb.go:94.72,99.59 1 0
sanbright/go_shortener/internal/app/proto/proto_grpc.pb.go:99.59,101.3 1 0
sanbright/go_shortener/internal/app/proto/proto_grpc.pb.go:102.2,102.46 1 0
sanbright/go_shortener/internal/app/proto/proto_grpc.pb.go:105.160,107.32 2 0
sanbright/go_shortener/internal/app/proto/proto_grpc.pb.go:107.32,109.3 1 0
sanbright/go_shortener/internal/app/proto/proto_grpc.pb.go:110.2,110.24 1 0
sanbright/go_shortener/internal/app/proto/proto_grpc.pb.go:110.24,112.3 1 0
sanbright/go_shortener/internal/app/proto/proto_grpc.pb.go:113.2,117.77 2 0
sanbright/go_shortener/internal/app/proto/proto_grpc.pb.go:117.77,119.3 1 0
sanbright/go_shortener/internal/app/proto/proto_grpc.pb.go:120.2,120.44 1 0
sanbright/go_shortener/internal/app/proto/proto_grpc.pb.go:123.157,125.32 2 0
sanbright/go_shortener/internal/app/proto/proto_grpc.pb.go:125.32,127.3 1 0
sanbright/go_shortener/internal/app/proto/proto_grpc.pb.go:128.2,128.24 1 0
sanbright/go_shortener/internal/app/proto/proto_grpc.pb.go:128.24,130.3 1 0
sanbright/go_shortener/internal/app/proto/proto_grpc.pb.go:131.2,135.77 2 0
sanbright/go_shortener/internal/app/proto/proto_grpc.pb.go:135.77,137.3 1 0
sanbright/go_shortener/internal/app/proto/proto_grpc.pb.go:138.2,138.44 1 0
sanbright/go_shortener/internal/app/proto/server.go:21.80,26.2 1 0
sanbright/go_shortener/internal/app/proto/server.go:28.96,37.2 5 0
sanbright/go_shortener/internal/app/proto/server.go:39.77,43.16 3 0
sanbright/go_shortener/internal/app/proto/server.go:43.16,45.3 1 0
sanbright/go_shortener/internal/app/proto/server.go:47.2,47.23 1 0
sanbright/go_shortener/internal/app/repository/repositoryResolver.go:52.78,54.2 1 0
sanbright/go_shortener/internal/app/repository/repositoryResolver.go:57.60,58.35 1 0
sanbright/go_shortener/internal/app/repository/repositoryResolver.go:58.35,61.16 2 0
sanbright/go_shortener/internal/app/repository/repositoryResolver.go:61.16,64.18 2 0
sanbright/go_shortener/internal/app/repository/repositoryResolver.go:64.18,66.5 1 0
sanbright/go_shortener/internal/app/repository/repositoryResolver.go:68.4,70.44 3 0
sanbright/go_shortener/internal/app/repository/repositoryResolver.go:74.2,74.35 1 0
sanbright/go_shortener/internal/app/repository/repositoryResolver.go:74.35,76.17 2 0
sanbright/go_shortener/internal/app/repository/repositoryResolver.go:76.17,78.4 1 0
sanbright/go_shortener/internal/app/repository/repositoryResolver.go:80.3,80.31 1 0
sanbright/go_shortener/internal/app/repository/repositoryResolver.go:80.31,83.4 2 0
sanbright/go_shortener/internal/app/repository/repositoryResolver.go:86.2,87.38 2 0
sanbright/go_shortener/internal/app/repository/repositoryResolver.go:91.47,92.17 1 0
sanbright/go_shortener/internal/app/repository/repositoryResolver.go:92.17,94.3 1 0
sanbright/go_shortener/internal/app/repository/repositoryResolver.go:96.2,97.16 2 0
sanbright/go_shortener/internal/app/repository/repositoryResolver.go:97.16,100.3 2 0
sanbright/go_shortener/internal/app/repository/repositoryResolver.go:102.2,102.16 1 0
sanbright/go_shortener/internal/app/repository/shortLinkDBRepository.go:23.67,25.2 1 0
sanbright/go_shortener/internal/app/repository/shortLinkDBRepository.go:32.118,43.35 3 0
sanbright/go_shortener/internal/app/repository/shortLinkDBRepository.go:43.35,45.3 1 0
sanbright/go_shortener/internal/app/repository/shortLinkDBRepository.go:47.2,47.16 1 0
sanbright/go_shortener/internal/app/repository/shortLinkDBRepository.go:47.16,48.74 1 0
sanbright/go_shortener/internal/app/repository/shortLinkDBRepository.go:48.74,50.4 1 0
sanbright/go_shortener/internal/app/repository/shortLinkDBRepository.go:52.3,52.18 1 0
sanbright/go_shortener/internal/app/repository/shortLinkDBRepository.go:55.2,55.32 1 0
sanbright/go_shortener/internal/app/repository/shortLinkDBRepository.go:61.103,76.35 3 0
sanbright/go_shortener/internal/app/repository/shortLinkDBRepository.go:76.35,78.3 1 0
sanbright/go_shortener/internal/app/repository/shortLinkDBRepository.go:80.2,80.30 1 0
sanbright/go_shortener/internal/app/repository/shortLinkDBRepository.go:86.91,102.35 3 0
sanbright/go_shortener/internal/app/repository/shortLinkDBRepository.go:102.35,104.3 1 0
sanbright/go_shortener/internal/app/repository/shortLinkDBRepository.go:106.2,106.30 1 0
sanbright/go_shortener/internal/app/repository/shortLinkDBRepository.go:112.100,127.35 3 0
sanbright/go_shortener/internal/app/repository/shortLinkDBRepository.go:127.35,129.3 1 0
sanbright/go_shortener/internal/app/repository/shortLinkDBRepository.go:131.2,131.32 1 0
sanbright/go_shortener/internal/app/repository/shortLinkDBRepository.go:137.111,140.16 2 0
sanbright/go_shortener/internal/app/repository/shortLinkDBRepository.go:140.16,142.3 1 0
sanbright/go_shortener/internal/app/repository/shortLinkDBRepository.go:144.2,146.31 2 0
sanbright/go_shortener/internal/app/repository/shortLinkDBRepository.go:146.31,157.17 3 0
sanbright/go_shortener/internal/app/repository/shortLinkDBRepository.go:157.17,158.75 1 0
sanbright/go_shortener/internal/app/repository/shortLinkDBRepository.go:158.75,160.5 1 0
sanbright/go_shortener/internal/app/repository/shortLinkDBRepository.go:162.4,162.19 1 0
sanbright/go_shortener/internal/app/repository/shortLinkDBRepository.go:166.2,168.25 2 0
sanbright/go_shortener/internal/app/repository/shortLinkDBRepository.go:175.88,181.42 5 0
sanbright/go_shortener/internal/app/repository/shortLinkDBRepository.go:181.42,185.3 3 0
sanbright/go_shortener/internal/app/repository/shortLinkDBRepository.go:186.2,189.16 2 0
sanbright/go_shortener/internal/app/repository/shortLinkDBRepository.go:189.16,191.3 1 0
sanbright/go_shortener/internal/app/repository/shortLinkDBRepository.go:193.2,193.12 1 0
sanbright/go_shortener/internal/app/repository/shortLinkDBRepository.go:197.64,201.35 3 0
sanbright/go_shortener/internal/app/repository/shortLinkDBRepository.go:201.35,203.3 1 0
sanbright/go_shortener/internal/app/repository/shortLinkDBRepository.go:205.2,206.35 2 0
sanbright/go_shortener/internal/app/repository/shortLinkDBRepository.go:206.35,208.3 1 0
sanbright/go_shortener/internal/app/repository/shortLinkDBRepository.go:210.2,210.25 1 0
sanbright/go_shortener/internal/app/repository/shortLinkMemoryRepository.go:18.58,22.2 1 0
sanbright/go_shortener/internal/app/repository/shortLinkMemoryRepository.go:27.107,28.62 1 0
sanbright/go_shortener/internal/app/repository/shortLinkMemoryRepository.go:28.62,30.3 1 0
sanbright/go_shortener/internal/app/repository/shortLinkMemoryRepository.go:32.2,32.66 1 0
sanbright/go_shortener/internal/app/repository/shortLinkMemoryRepository.go:38.95,39.31 1 0
sanbright/go_shortener/internal/app/repository/shortLinkMemoryRepository.go:39.31,40.19 1 0
sanbright/go_shortener/internal/app/repository/shortLinkMemoryRepository.go:40.19,42.4 1 0
sanbright/go_shortener/internal/app/repository/shortLinkMemoryRepository.go:45.2,45.58 1 0
sanbright/go_shortener/internal/app/repository/shortLinkMemoryRepository.go:51.104,54.31 2 0
sanbright/go_shortener/internal/app/repository/shortLinkMemoryRepository.go:54.31,55.23 1 0
sanbright/go_shortener/internal/app/repository/shortLinkMemoryRepository.go:55.23,57.4 1 0
sanbright/go_shortener/internal/app/repository/shortLinkMemoryRepository.go:60.2,60.25 1 0
sanbright/go_shortener/internal/app/repository/shortLinkMemoryRepository.go:68.122,71.18 2 0
sanbright/go_shortener/internal/app/repository/shortLinkMemoryRepository.go:71.18,73.3 1 0
sanbright/go_shortener/internal/app/repository/shortLinkMemoryRepository.go:75.2,77.35 2 0
sanbright/go_shortener/internal/app/repository/shortLinkMemoryRepository.go:83.115,84.31 1 0
sanbright/go_shortener/internal/app/repository/shortLinkMemoryRepository.go:84.31,87.17 2 0
sanbright/go_shortener/internal/app/repository/shortLinkMemoryRepository.go:87.17,89.4 1 0
sanbright/go_shortener/internal/app/repository/shortLinkMemoryRepository.go:92.2,92.25 1 0
sanbright/go_shortener/internal/app/repository/shortLinkMemoryRepository.go:99.92,100.42 1 0
sanbright/go_shortener/internal/app/repository/shortLinkMemoryRepository.go:100.42,102.3 1 0
sanbright/go_shortener/internal/app/repository/shortLinkMemoryRepository.go:104.2,104.12 1 0
sanbright/go_shortener/internal/app/repository/shortLinkMemoryRepository.go:108.68,112.40 3 0
sanbright/go_shortener/internal/app/repository/shortLinkMemoryRepository.go:112.40,113.27 1 0
sanbright/go_shortener/internal/app/repository/shortLinkMemoryRepository.go:113.27,115.4 1 0
sanbright/go_shortener/internal/app/repository/shortLinkMemoryRepository.go:117.3,117.29 1 0
sanbright/go_shortener/internal/app/repository/shortLinkMemoryRepository.go:117.29,119.4 1 0
sanbright/go_shortener/internal/app/repository/shortLinkMemoryRepository.go:122.2,122.44 1 0
sanbright/go_shortener/internal/app/repository/shortLinkStorageRepository.go:25.86,27.16 2 0
sanbright/go_shortener/internal/app/repository/shortLinkStorageRepository.go:27.16,29.3 1 0
sanbright/go_shortener/internal/app/repository/shortLinkStorageRepository.go:31.2,31.53 1 0
sanbright/go_shortener/internal/app/repository/shortLinkStorageRepository.go:37.108,41.16 3 0
sanbright/go_shortener/internal/app/repository/shortLinkStorageRepository.go:41.16,43.3 1 0
sanbright/go_shortener/internal/app/repository/shortLinkStorageRepository.go:45.2,46.21 2 0
sanbright/go_shortener/internal/app/repository/shortLinkStorageRepository.go:46.21,47.50 1 0
sanbright/go_shortener/internal/app/repository/shortLinkStorageRepository.go:47.50,49.18 2 0
sanbright/go_shortener/internal/app/repository/shortLinkStorageRepository.go:49.18,51.5 1 0
sanbright/go_shortener/internal/app/repository/shortLinkStorageRepository.go:53.4,53.32 1 0
sanbright/go_shortener/internal/app/repository/shortLinkStorageRepository.go:57.2,57.38 1 0
sanbright/go_shortener/internal/app/repository/shortLinkStorageRepository.go:57.38,59.3 1 0
sanbright/go_shortener/internal/app/repository/shortLinkStorageRepository.go:61.2,61.17 1 0
sanbright/go_shortener/internal/app/repository/shortLinkStorageRepository.go:67.96,71.16 3 0
sanbright/go_shortener/internal/app/repository/shortLinkStorageRepository.go:71.16,73.3 1 0
sanbright/go_shortener/internal/app/repository/shortLinkStorageRepository.go:75.2,76.21 2 0
sanbright/go_shortener/internal/app/repository/shortLinkStorageRepository.go:76.21,77.44 1 0
sanbright/go_shortener/internal/app/repository/shortLinkStorageRepository.go:77.44,79.18 2 0
sanbright/go_shortener/internal/app/repository/shortLinkStorageRepository.go:79.18,81.5 1 0
sanbright/go_shortener/internal/app/repository/shortLinkStorageRepository.go:83.4,83.32 1 0
sanbright/go_shortener/internal/app/repository/shortLinkStorageRepository.go:87.2,87.38 1 0
sanbright/go_shortener/internal/app/repository/shortLinkStorageRepository.go:87.38,89.3 1 0
sanbright/go_shortener/internal/app/repository/shortLinkStorageRepository.go:91.2,91.17 1 0
sanbright/go_shortener/internal/app/repository/shortLinkStorageRepository.go:97.105,102.16 4 0
sanbright/go_shortener/internal/app/repository/shortLinkStorageRepository.go:102.16,104.3 1 0
sanbright/go_shortener/internal/app/repository/shortLinkStorageRepository.go:106.2,107.21 2 0
sanbright/go_shortener/internal/app/repository/shortLinkStorageRepository.go:107.21,108.54 1 0
sanbright/go_shortener/internal/app/repository/shortLinkStorageRepository.go:108.54,110.18 2 0
sanbright/go_shortener/internal/app/repository/shortLinkStorageRepository.go:110.18,112.5 1 0
sanbright/go_shortener/internal/app/repository/shortLinkStorageRepository.go:114.4,114.52 1 0
sanbright/go_shortener/internal/app/repository/shortLinkStorageRepository.go:118.2,118.25 1 0
sanbright/go_shortener/internal/app/repository/shortLinkStorageRepository.go:126.123,129.18 2 0
sanbright/go_shortener/internal/app/repository/shortLinkStorageRepository.go:129.18,131.3 1 0
sanbright/go_shortener/internal/app/repository/shortLinkStorageRepository.go:133.2,137.16 3 0
sanbright/go_shortener/internal/app/repository/shortLinkStorageRepository.go:137.16,139.3 1 0
sanbright/go_shortener/internal/app/repository/shortLinkStorageRepository.go:141.2,143.16 2 0
sanbright/go_shortener/internal/app/repository/shortLinkStorageRepository.go:143.16,145.3 1 0
sanbright/go_shortener/internal/app/repository/shortLinkStorageRepository.go:147.2,147.32 1 0
sanbright/go_shortener/internal/app/repository/shortLinkStorageRepository.go:153.116,154.31 1 0
sanbright/go_shortener/internal/app/repository/shortLinkStorageRepository.go:154.31,157.17 2 0
sanbright/go_shortener/internal/app/repository/shortLinkStorageRepository.go:157.17,159.4 1 0
sanbright/go_shortener/internal/app/repository/shortLinkStorageRepository.go:162.2,162.25 1 0
sanbright/go_shortener/internal/app/repository/shortLinkStorageRepository.go:169.93,171.2 1 0
sanbright/go_shortener/internal/app/repository/shortLinkStorageRepository.go:174.69,176.2 1 0
sanbright/go_shortener/internal/app/repository/error/dbError.go:13.48,15.2 1 0
sanbright/go_shortener/internal/app/repository/error/dbError.go:18.60,23.2 1 0
sanbright/go_shortener/internal/app/service/pingService.go:14.74,16.2 1 0
sanbright/go_shortener/internal/app/service/pingService.go:18.36,20.16 2 0
sanbright/go_shortener/internal/app/service/pingService.go:20.16,23.3 2 0
sanbright/go_shortener/internal/app/service/pingService.go:25.2,28.16 3 0
sanbright/go_shortener/internal/app/service/pingService.go:28.16,31.3 2 0
sanbright/go_shortener/internal/app/service/pingService.go:33.2,33.12 1 0
sanbright/go_shortener/internal/app/service/readShortLinkService.go:18.96,20.2 1 0
sanbright/go_shortener/internal/app/service/readShortLinkService.go:24.104,26.2 1 0
sanbright/go_shortener/internal/app/service/readShortLinkService.go:30.100,32.2 1 0
sanbright/go_shortener/internal/app/service/readShortLinkService.go:34.76,38.2 2 0
sanbright/go_shortener/internal/app/service/statisticService.go:12.95,14.2 1 0
sanbright/go_shortener/internal/app/service/statisticService.go:16.65,20.2 2 0
sanbright/go_shortener/internal/app/service/writeShortLinkService.go:25.159,27.2 1 0
sanbright/go_shortener/internal/app/service/writeShortLinkService.go:33.103,38.16 3 0
sanbright/go_shortener/internal/app/service/writeShortLinkService.go:38.16,41.31 2 0
sanbright/go_shortener/internal/app/service/writeShortLinkService.go:41.31,45.4 2 0
sanbright/go_shortener/internal/app/service/writeShortLinkService.go:47.3,47.18 1 0
sanbright/go_shortener/internal/app/service/writeShortLinkService.go:50.2,50.29 1 0
sanbright/go_shortener/internal/app/service/writeShortLinkService.go:57.117,60.33 2 0
sanbright/go_shortener/internal/app/service/writeShortLinkService.go:60.33,67.3 1 0
sanbright/go_shortener/internal/app/service/writeShortLinkService.go:69.2,71.16 2 0
sanbright/go_shortener/internal/app/service/writeShortLinkService.go:71.16,73.3 1 0
sanbright/go_shortener/internal/app/service/writeShortLinkService.go:75.2,75.20 1 0
sanbright/go_shortener/internal/app/service/writeShortLinkService.go:82.100,86.42 4 0
sanbright/go_shortener/internal/app/service/writeShortLinkService.go:86.42,89.13 2 0
sanbright/go_shortener/internal/app/service/writeShortLinkService.go:89.13,91.4 1 0
sanbright/go_shortener/internal/app/service/writeShortLinkService.go:91.9,95.4 3 0
sanbright/go_shortener/internal/app/service/writeShortLinkService.go:99.2,100.20 2 0
sanbright/go_shortener/internal/app/service/writeShortLinkService.go:100.20,103.3 2 0
sanbright/go_shortener/internal/app/service/writeShortLinkService.go:105.2,108.41 4 0
sanbright/go_shortener/internal/app/service/writeShortLinkService.go:108.41,110.3 1 0
sanbright/go_shortener/internal/app/service/writeShortLinkService.go:112.2,112.21 1 0
sanbright/go_shortener/internal/app/service/writeShortLinkService.go:118.86,120.12 2 0
sanbright/go_shortener/internal/app/service/writeShortLinkService.go:120.12,122.32 2 0
sanbright/go_shortener/internal/app/service/writeShortLinkService.go:122.32,124.4 1 0
sanbright/go_shortener/internal/app/service/writeShortLinkService.go:127.2,127.14 1 0
sanbright/go_shortener/internal/app/service/writeShortLinkService.go:134.111,137.12 2 0
sanbright/go_shortener/internal/app/service/writeShortLinkService.go:137.12,139.32 2 0
sanbright/go_shortener/internal/app/service/writeShortLinkService.go:139.32,141.18 2 0
sanbright/go_shortener/internal/app/service/writeShortLinkService.go:141.18,149.5 2 0
sanbright/go_shortener/internal/app/service/writeShortLinkService.go:151.4,151.23 1 0
sanbright/go_shortener/internal/app/service/writeShortLinkService.go:155.2,155.14 1 0
sanbright/go_shortener/internal/app/service/writeShortLinkService.go:158.81,162.34 3 0
sanbright/go_shortener/internal/app/service/writeShortLinkService.go:162.34,163.20 1 0
sanbright/go_shortener/internal/app/service/writeShortLinkService.go:163.20,165.4 1 0
sanbright/go_shortener/internal/app/service/writeShortLinkService.go:166.3,166.12 1 0
sanbright/go_shortener/internal/app/service/writeShortLinkService.go:169.2,170.24 2 0
sanbright/go_shortener/internal/app/service/writeShortLinkService.go:170.24,172.3 1 0
sanbright/go_shortener/internal/app/service/writeShortLinkService.go:174.2,174.12 1 0
sanbright/go_shortener/internal/app/service/writeShortLinkService.go:174.12,177.3 2 0
sanbright/go_shortener/internal/app/service/writeShortLinkService.go:179.2,179.14 1 0
sanbright/go_shortener/internal/config/config.go:65.20,67.29 1 0
sanbright/go_shortener/internal/config/config.go:67.29,69.3 1 0
sanbright/go_shortener/internal/config/config.go:71.2,71.23 1 0
sanbright/go_shortener/internal/config/config.go:71.23,73.3 1 0
sanbright/go_shortener/internal/config/config.go:75.2,75.27 1 0
sanbright/go_shortener/internal/config/config.go:75.27,77.3 1 0
sanbright/go_shortener/internal/config/config.go:79.2,79.27 1 0
sanbright/go_shortener/internal/config/config.go:79.27,81.17 2 0
sanbright/go_shortener/internal/config/config.go:81.17,83.4 1 0
sanbright/go_shortener/internal/config/config.go:84.3,84.46 1 0
sanbright/go_shortener/internal/config/config.go:87.2,112.16 21 0
sanbright/go_shortener/internal/config/config.go:112.16,114.3 1 0
sanbright/go_shortener/internal/config/config.go:116.2,118.16 3 0
sanbright/go_shortener/internal/config/config.go:118.16,120.3 1 0
sanbright/go_shortener/internal/config/config.go:122.2,130.8 1 0
sanbright/go_shortener/internal/config/config.go:134.44,136.22 2 0
sanbright/go_shortener/internal/config/config.go:136.22,138.17 2 0
sanbright/go_shortener/internal/config/config.go:138.17,140.4 1 0
sanbright/go_shortener/internal/config/config.go:142.3,142.63 1 0
sanbright/go_shortener/internal/config/config.go:142.63,144.4 1 0
sanbright/go_shortener/internal/config/config.go:147.2,147.19 1 0
sanbright/go_shortener/internal/config/config.go:151.43,156.2 3 0
sanbright/go_shortener/internal/config/config.go:159.51,161.16 2 0
sanbright/go_shortener/internal/config/config.go:161.16,163.3 1 0
sanbright/go_shortener/internal/config/config.go:165.2,168.12 3 0
sanbright/go_shortener/internal/config/config.go:172.60,176.16 2 0
sanbright/go_shortener/internal/config/config.go:176.16,178.3 1 0
sanbright/go_shortener/internal/config/config.go:180.2,181.12 2 0
sanbright/go_shortener/internal/config/config.go:185.40,187.2 1 0
sanbright/go_shortener/internal/config/config.go:190.48,194.2 2 0
sanbright/go_shortener/internal/config/config.go:197.57,200.16 2 0
sanbright/go_shortener/internal/config/config.go:200.16,202.3 1 0
sanbright/go_shortener/internal/config/config.go:204.2,206.12 2 0
sanbright/go_shortener/internal/app/entity/shortLinkEntity.go:18.87,26.2 1 0
sanbright/go_shortener/cmd/shortener/main.go:44.47,56.2 5 1
sanbright/go_shortener/cmd/shortener/main.go:58.32,60.16 2 1
sanbright/go_shortener/cmd/shortener/main.go:60.16,61.13 1 0
sanbright/go_shortener/cmd/shortener/main.go:64.2,64.15 1 1
sanbright/go_shortener/cmd/shortener/main.go:67.13,79.16 2 0
sanbright/go_shortener/cmd/shortener/main.go:79.16,81.3 1 0
sanbright/go_shortener/cmd/shortener/main.go:83.2,92.34 7 0
sanbright/go_shortener/cmd/shortener/main.go:92.34,94.3 1 0
sanbright/go_shortener/cmd/shortener/main.go:94.8,104.13 4 0
sanbright/go_shortener/cmd/shortener/main.go:104.13,106.27 2 0
sanbright/go_shortener/cmd/shortener/main.go:106.27,109.5 2 0
sanbright/go_shortener/cmd/shortener/main.go:109.10,112.5 2 0
sanbright/go_shortener/cmd/shortener/main.go:114.4,114.21 1 0
sanbright/go_shortener/cmd/shortener/main.go:114.21,116.5 1 0
sanbright/go_shortener/cmd/shortener/main.go:118.4,118.14 1 0
sanbright/go_shortener/cmd/shortener/main.go:121.3,125.43 4 0
sanbright/go_shortener/cmd/shortener/main.go:125.43,127.4 1 0
sanbright/go_shortener/cmd/shortener/main.go:129.3,129.11 1 0
sanbright/go_shortener/cmd/shortener/main.go:133.115,139.2 3 1
sanbright/go_shortener/cmd/shortener/main.go:141.68,144.16 2 0
sanbright/go_shortener/cmd/shortener/main.go:144.16,146.3 1 0
sanbright/go_shortener/cmd/shortener/main.go:148.2,155.39 5 0
sanbright/go_shortener/cmd/shortener/main.go:155.39,157.3 1 0
sanbright/go_shortener/cmd/shortener/main.go:159.2,159.15 1 0
sanbright/go_shortener/cmd/shortener/main.go:159.15,160.35 1 0
sanbright/go_shortener/cmd/shortener/main.go:160.35,162.4 1 0
sanbright/go_shortener/cmd/shortener/main.go:166.76,200.2 27 1
sanbright/go_shortener/cmd/staticlint/multichecker.go:18.13,28.42 3 0
sanbright/go_shortener/cmd/staticlint/multichecker.go:28.42,29.65 1 0
[...]
sanbright/go_shortener/internal/app/proto/proto_grpc.pb.go:52.116,56.16 4 0
sanbright/go_shortener/internal/app/proto/proto_grpc.pb.go:56.16,58.3 1 0
sanbright/go_shortener/internal/app/proto/proto_grpc.pb.go:59.2,59.17 1 0
sanbright/go_shortener/internal/app/proto/proto_grpc.pb.go:78.107,80.2 1 0
sanbright/go_shortener/internal/app/proto/proto_grpc.pb.go:81.94,83.2 1 0
sanbright/go_shortener/internal/app/proto/proto_grpc.pb.go:84.74,84.75 0 0
sanbright/go_shortener/internal/app/proto/proto_grpc.pb.go:85.74,85.75 0 0
sanbright/go_shortener/internal/app/proto/proto_grpc.pb.go:94.72,99.59 1 0
sanbright/go_shortener/internal/app/proto/proto_grpc.pb.go:99.59,101.3 1 0
sanbright/go_shortener/internal/app/proto/proto_grpc.pb.go:102.2,102.46 1 0
sanbright/go_shortener/internal/app/proto/proto_grpc.pb.go:105.160,107.32 2 0
sanbright/go_shortener/internal/app/proto/proto_grpc.pb.go:107.32,109.3 1 0
sanbright/go_shortener/internal/app/proto/proto_grpc.pb.go:110.2,110.24 1 0
sanbright/go_shortener/internal/app/proto/proto_grpc.pb.go:110.24,112.3 1 0
sanbright/go_shortener/internal/app/proto/proto_grpc.pb.go:113.2,117.77 2 0
sanbright/go_shortener/internal/app/proto/proto_grpc.pb.go:117.77,119.3 1 0
sanbright/go_shortener/internal/app/proto/proto_grpc.pb.go:120.2,120.44 1 0
sanbright/go_shortener/internal/app/proto/proto_grpc.pb.go:123.157,125.32 2 0
sanbright/go_shortener/internal/app/proto/proto_grpc.pb.go:125.32,127.3 1 0
sanbright/go_shortener/internal/app/proto/proto_grpc.pb.go:128.2,128.24 1 0
sanbright/go_shortener/internal/app/proto/proto_grpc.pb.go:128.24,130.3 1 0
sanbright/go_shortener/internal/app/proto/proto_grpc.pb.go:131.2,135.77 2 0
sanbright/go_shortener/internal/app/proto/proto_grpc.pb.go:135.77,137.3 1 0
sanbright/go_shortener/internal/app/proto/proto_grpc.pb.go:138.2,138.44 1 0
sanbright/go_shortener/internal/app/proto/server.go:21.80,26.2 1 0
sanbright/go_shortener/internal/app/proto/server.go:28.96,37.2 5 0
sanbright/go_shortener/internal/app/proto/server.go:39.77,43.16 3 0
sanbright/go_shortener/internal/app/proto/server.go:43.16,45.3 1 0
sanbright/go_shortener/internal/app/proto/server.go:47.2,47.23 1 0
sanbright/go_shortener/internal/app/repository/repositoryResolver.go:52.78,54.2 1 0
sanbright/go_shortener/internal/app/repository/repositoryResolver.go:57.60,58.35 1 0
sanbright/go_shortener/internal/app/repository/repositoryResolver.go:58.35,61.16 2 0
sanbright/go_shortener/internal/app/repository/repositoryResolver.go:61.16,64.18 2 0
sanbright/go_shortener/internal/app/repository/repositoryResolver.go:64.18,66.5 1 0
sanbright/go_shortener/internal/app/repository/repositoryResolver.go:68.4,70.44 3 0
sanbright/go_shortener/internal/app/repository/repositoryResolver.go:74.2,74.35 1 0
sanbright/go_shortener/internal/app/repository/repositoryResolver.go:74.35,76.17 2 0
sanbright/go_shortener/internal/app/repository/repositoryResolver.go:76.17,78.4 1 0
sanbright/go_shortener/internal/app/repository/repositoryResolver.go:80.3,80.31 1 0
sanbright/go_shortener/internal/app/repository/repositoryResolver.go:80.31,83.4 2 0
sanbright/go_shortener/internal/app/repository/repositoryResolver.go:86.2,87.38 2 0
sanbright/go_shortener/internal/app/repository/repositoryResolver.go:91.47,92.17 1 0
sanbright/go_shortener/internal/app/repository/repositoryResolver.go:92.17,94.3 1 0
sanbright/go_shortener/internal/app/repository/repositoryResolver.go:96.2,97.16 2 0
sanbright/go_shortener/internal/app/repository/repositoryResolver.go:97.16,100.3 2 0
sanbright/go_shortener/internal/app/repository/repositoryResolver.go:102.2,102.16 1 0
sanbright/go_shortener/internal/app/repository/shortLinkDBRepository.go:23.67,25.2 1 0
sanbright/go_shortener/internal/app/repository/shortLinkDBRepository.go:32.118,43.35 3 0
sanbright/go_shortener/internal/app/repository/shortLinkDBRepository.go:43.35,45.3 1 0
sanbright/go_shortener/internal/app/repository/shortLinkDBRepository.go:47.2,47.16 1 0
sanbright/go_shortener/internal/app/repository/shortLinkDBRepository.go:47.16,48.74 1 0
sanbright/go_shortener/internal/app/repository/shortLinkDBRepository.go:48.74,50.4 1 0
sanbright/go_shortener/internal/app/repository/shortLinkDBRepository.go:52.3,52.18 1 0
sanbright/go_shortener/internal/app/repository/shortLinkDBRepository.go:55.2,55.32 1 0
sanbright/go_shortener/internal/app/repository/shortLinkDBRepository.go:61.103,76.35 3 0
sanbright/go_shortener/internal/app/repository/shortLinkDBRepository.go:76.35,78.3 1 0
sanbright/go_shortener/internal/app/repository/shortLinkDBRepository.go:80.2,80.30 1 0
sanbright/go_shortener/internal/app/repository/shortLinkDBRepository.go:86.91,102.35 3 0
sanbright/go_shortener/internal/app/repository/shortLinkDBRepository.go:102.35,104.3 1 0
sanbright/go_shortener/internal/app/repository/shortLinkDBRepository.go:106.2,106.30 1 0
sanbright/go_shortener/internal/app/repository/shortLinkDBRepository.go:112.100,127.35 3 0
sanbright/go_shortener/internal/app/repository/shortLinkDBRepository.go:127.35,129.3 1 0
sanbright/go_shortener/internal/app/repository/shortLinkDBRepository.go:131.2,131.32 1 0
sanbright/go_shortener/internal/app/repository/shortLinkDBRepository.go:137.111,140.16 2 0
sanbright/go_shortener/internal/app/repository/shortLinkDBRepository.go:140.16,142.3 1 0
sanbright/go_shortener/internal/app/repository/shortLinkDBRepository.go:144.2,146.31 2 0
sanbright/go_shortener/internal/app/repository/shortLinkDBRepository.go:146.31,157.17 3 0
sanbright/go_shortener/internal/app/repository/shortLinkDBRepository.go:157.17,158.75 1 0
sanbright/go_shortener/internal/app/repository/shortLinkDBRepository.go:158.75,160.5 1 0
sanbright/go_shortener/internal/app/repository/shortLinkDBRepository.go:162.4,162.19 1 0
sanbright/go_shortener/internal/app/repository/shortLinkDBRepository.go:166.2,168.25 2 0
sanbright/go_shortener/internal/app/repository/shortLinkDBRepository.go:175.88,181.42 5 0
sanbright/go_shortener/internal/app/repository/shortLinkDBRepository.go:181.42,185.3 3 0
sanbright/go_shortener/internal/app/repository/shortLinkDBRepository.go:186.2,189.16 2 0
sanbright/go_shortener/internal/app/repository/shortLinkDBRepository.go:189.16,191.3 1 0
sanbright/go_shortener/internal/app/repository/shortLinkDBRepository.go:193.2,193.12 1 0
sanbright/go_shortener/internal/app/repository/shortLinkDBRepository.go:197.64,201.35 3 0
sanbright/go_shortener/internal/app/repository/shortLinkDBRepository.go:201.35,203.3 1 0
sanbright/go_shortener/internal/app/repository/shortLinkDBRepository.go:205.2,206.35 2 0
sanbright/go_shortener/internal/app/repository/shortLinkDBRepository.go:206.35,208.3 1 0
sanbright/go_shortener/internal/app/repository/shortLinkDBRepository.go:210.2,210.25 1 0
sanbright/go_shortener/internal/app/repository/shortLinkMemoryRepository.go:18.58,22.2 1 0
sanbright/go_shortener/internal/app/repository/shortLinkMemoryRepository.go:27.107,28.62 1 0
sanbright/go_shortener/internal/app/repository/shortLinkMemoryRepository.go:28.62,30.3 1 0
sanbright/go_shortener/internal/app/repository/shortLinkMemoryRepository.go:32.2,32.66 1 0
sanbright/go_shortener/internal/app/repository/shortLinkMemoryRepository.go:38.95,39.31 1 0
sanbright/go_shortener/internal/app/repository/shortLinkMemoryRepository.go:39.31,40.19 1 0
sanbright/go_shortener/internal/app/repository/shortLinkMemoryRepository.go:40.19,42.4 1 0
sanbright/go_shortener/internal/app/repository/shortLinkMemoryRepository.go:45.2,45.58 1 0
sanbright/go_shortener/internal/app/repository/shortLinkMemoryRepository.go:51.104,54.31 2 0
sanbright/go_shortener/internal/app/repository/shortLinkMemoryRepository.go:54.31,55.23 1 0
sanbright/go_shortener/internal/app/repository/shortLinkMemoryRepository.go:55.23,57.4 1 0
sanbright/go_shortener/internal/app/repository/shortLinkMemoryRepository.go:60.2,60.25 1 0
sanbright/go_shortener/internal/app/repository/shortLinkMemoryRepository.go:68.122,71.18 2 0
sanbright/go_shortener/internal/app/repository/shortLinkMemoryRepository.go:71.18,73.3 1 0
sanbright/go_shortener/internal/app/repository/shortLinkMemoryRepository.go:75.2,77.35 2 0
sanbright/go_shortener/internal/app/repository/shortLinkMemoryRepository.go:83.115,84.31 1 0
sanbright/go_shortener/internal/app/repository/shortLinkMemoryRepository.go:84.31,87.17 2 0
sanbright/go_shortener/internal/app/repository/shortLinkMemoryRepository.go:87.17,89.4 1 0
sanbright/go_shortener/internal/app/repository/shortLinkMemoryRepository.go:92.2,92.25 1 0
sanbright/go_shortener/internal/app/repository/shortLinkMemoryRepository.go:99.92,100.42 1 0
sanbright/go_shortener/internal/app/repository/shortLinkMemoryRepository.go:100.42,102.3 1 0
sanbright/go_shortener/internal/app/repository/shortLinkMemoryRepository.go:104.2,104.12 1 0
sanbright/go_shortener/internal/app/repository/shortLinkMemoryRepository.go:108.68,112.40 3 0
sanbright/go_shortener/internal/app/repository/shortLinkMemoryRepository.go:112.40,113.27 1 0
sanbright/go_shortener/internal/app/repository/shortLinkMemoryRepository.go:113.27,115.4 1 0
sanbright/go_shortener/internal/app/repository/shortLinkMemoryRepository.go:117.3,117.29 1 0
sanbright/go_shortener/internal/app/repository/shortLinkMemoryRepository.go:117.29,119.4 1 0
sanbright/go_shortener/internal/app/repository/shortLinkMemoryRepository.go:122.2,122.44 1 0
sanbright/go_shortener/internal/app/repository/shortLinkStorageRepository.go:25.86,27.16 2 0
sanbright/go_shortener/internal/app/repository/shortLinkStorageRepository.go:27.16,29.3 1 0
sanbright/go_shortener/internal/app/repository/shortLinkStorageRepository.go:31.2,31.53 1 0
sanbright/go_shortener/internal/app/repository/shortLinkStorageRepository.go:37.108,41.16 3 0
sanbright/go_shortener/internal/app/repository/shortLinkStorageRepository.go:41.16,43.3 1 0
sanbright/go_shortener/internal/app/repository/shortLinkStorageRepository.go:45.2,46.21 2 0
sanbright/go_shortener/internal/app/repository/shortLinkStorageRepository.go:46.21,47.50 1 0
sanbright/go_shortener/internal/app/repository/shortLinkStorageRepository.go:47.50,49.18 2 0
sanbright/go_shortener/internal/app/repository/shortLinkStorageRepository.go:49.18,51.5 1 0
sanbright/go_shortener/internal/app/repository/shortLinkStorageRepository.go:53.4,53.32 1 0
sanbright/go_shortener/internal/app/repository/shortLinkStorageRepository.go:57.2,57.38 1 0
sanbright/go_shortener/internal/app/repository/shortLinkStorageRepository.go:57.38,59.3 1 0
sanbright/go_shortener/internal/app/repository/shortLinkStorageRepository.go:61.2,61.17 1 0
sanbright/go_shortener/internal/app/repository/shortLinkStorageRepository.go:67.96,71.16 3 0
sanbright/go_shortener/internal/app/repository/shortLinkStorageRepository.go:71.16,73.3 1 0
sanbright/go_shortener/internal/app/repository/shortLinkStorageRepository.go:75.2,76.21 2 0
sanbright/go_shortener/internal/app/repository/shortLinkStorageRepository.go:76.21,77.44 1 0
sanbright/go_shortener/internal/app/repository/shortLinkStorageRepository.go:77.44,79.18 2 0
sanbright/go_shortener/internal/app/repository/shortLinkStorageRepository.go:79.18,81.5 1 0
sanbright/go_shortener/internal/app/repository/shortLinkStorageRepository.go:83.4,83.32 1 0
sanbright/go_shortener/internal/app/repository/shortLinkStorageRepository.go:87.2,87.38 1 0
sanbright/go_shortener/internal/app/repository/shortLinkStorageRepository.go:87.38,89.3 1 0
sanbright/go_shortener/internal/app/repository/shortLinkStorageRepository.go:91.2,91.17 1 0
sanbright/go_shortener/internal/app/repository/shortLinkStorageRepository.go:97.105,102.16 4 0
sanbright/go_shortener/internal/app/repository/shortLinkStorageRepository.go:102.16,104.3 1 0
sanbright/go_shortener/internal/app/repository/shortLinkStorageRepository.go:106.2,107.21 2 0
sanbright/go_shortener/internal/app/repository/shortLinkStorageRepository.go:107.21,108.54 1 0
sanbright/go_shortener/internal/app/repository/shortLinkStorageRepository.go:108.54,110.18 2 0
sanbright/go_shortener/internal/app/repository/shortLinkStorageRepository.go:110.18,112.5 1 0
sanbright/go_shortener/internal/app/repository/shortLinkStorageRepository.go:114.4,114.52 1 0
sanbright/go_shortener/internal/app/repository/shortLinkStorageRepository.go:118.2,118.25 1 0
sanbright/go_shortener/internal/app/repository/shortLinkStorageRepository.go:126.123,129.18 2 0
sanbright/go_shortener/internal/app/repository/shortLinkStorageRepository.go:129.18,131.3 1 0
sanbright/go_shortener/internal/app/repository/shortLinkStorageRepository.go:133.2,137.16 3 0
sanbright/go_shortener/internal/app/repository/shortLinkStorageRepository.go:137.16,139.3 1 0
sanbright/go_shortener/internal/app/repository/shortLinkStorageRepository.go:141.2,143.16 2 0
sanbright/go_shortener/internal/app/repository/shortLinkStorageRepository.go:143.16,145.3 1 0
sanbright/go_shortener/internal/app/repository/shortLinkStorageRepository.go:147.2,147.32 1 0
sanbright/go_shortener/internal/app/repository/shortLinkStorageRepository.go:153.116,154.31 1 0
sanbright/go_shortener/internal/app/repository/shortLinkStorageRepository.go:154.31,157.17 2 0
sanbright/go_shortener/internal/app/repository/shortLinkStorageRepository.go:157.17,159.4 1 0
sanbright/go_shortener/internal/app/repository/shortLinkStorageRepository.go:162.2,162.25 1 0
sanbright/go_shortener/internal/app/repository/shortLinkStorageRepository.go:169.93,171.2 1 0
sanbright/go_shortener/internal/app/repository/shortLinkStorageRepository.go:174.69,176.2 1 0
sanbright/go_shortener/internal/app/repository/error/dbError.go:13.48,15.2 1 0
sanbright/go_shortener/internal/app/repository/error/dbError.go:18.60,23.2 1 0
sanbright/go_shortener/internal/app/service/pingService.go:14.74,16.2 1 0
sanbright/go_shortener/internal/app/service/pingService.go:18.36,20.16 2 0
sanbright/go_shortener/internal/app/service/pingService.go:20.16,23.3 2 0
sanbright/go_shortener/internal/app/service/pingService.go:25.2,28.16 3 0
sanbright/go_shortener/internal/app/service/pingService.go:28.16,31.3 2 0
sanbright/go_shortener/internal/app/service/pingService.go:33.2,33.12 1 0
sanbright/go_shortener/internal/app/service/readShortLinkService.go:18.96,20.2 1 0
sanbright/go_shortener/internal/app/service/readShortLinkService.go:24.104,26.2 1 0
sanbright/go_shortener/internal/app/service/readShortLinkService.go:30.100,32.2 1 0
sanbright/go_shortener/internal/app/service/readShortLinkService.go:34.76,38.2 2 0
sanbright/go_shortener/internal/app/service/statisticService.go:12.95,14.2 1 0
sanbright/go_shortener/internal/app/service/statisticService.go:16.65,20.2 2 0
sanbright/go_shortener/internal/app/service/writeShortLinkService.go:25.159,27.2 1 0
sanbright/go_shortener/internal/app/service/writeShortLinkService.go:33.103,38.16 3 0
sanbright/go_shortener/internal/app/service/writeShortLinkService.go:38.16,41.31 2 0
sanbright/go_shortener/internal/app/service/writeShortLinkService.go:41.31,45.4 2 0
sanbright/go_shortener/internal/app/service/writeShortLinkService.go:47.3,47.18 1 0
sanbright/go_shortener/internal/app/service/writeShortLinkService.go:50.2,50.29 1 0
sanbright/go_shortener/internal/app/service/writeShortLinkService.go:57.117,60.33 2 0
sanbright/go_shortener/internal/app/service/writeShortLinkService.go:60.33,67.3 1 0
sanbright/go_shortener/internal/app/service/writeShortLinkService.go:69.2,71.16 2 0
sanbright/go_shortener/internal/app/service/writeShortLinkService.go:71.16,73.3 1 0
sanbright/go_shortener/internal/app/service/writeShortLinkService.go:75.2,75.20 1 0
sanbright/go_shortener/internal/app/service/writeShortLinkService.go:82.100,86.42 4 0
sanbright/go_shortener/internal/app/service/writeShortLinkService.go:86.42,89.13 2 0
sanbright/go_shortener/internal/app/service/writeShortLinkService.go:89.13,91.4 1 0
sanbright/go_shortener/internal/app/service/writeShortLinkService.go:91.9,95.4 3 0
sanbright/go_shortener/internal/app/service/writeShortLinkService.go:99.2,100.20 2 0
sanbright/go_shortener/internal/app/service/writeShortLinkService.go:100.20,103.3 2 0
sanbright/go_shortener/internal/app/service/writeShortLinkService.go:105.2,108.41 4 0
sanbright/go_shortener/internal/app/service/writeShortLinkService.go:108.41,110.3 1 0
sanbright/go_shortener/internal/app/service/writeShortLinkService.go:112.2,112.21 1 0
sanbright/go_shortener/internal/app/service/writeShortLinkService.go:118.86,120.12 2 0
sanbright/go_shortener/internal/app/service/writeShortLinkService.go:120.12,122.32 2 0
sanbright/go_shortener/internal/app/service/writeShortLinkService.go:122.32,124.4 1 0
sanbright/go_shortener/internal/app/service/writeShortLinkService.go:127.2,127.14 1 0
sanbright/go_shortener/internal/app/service/writeShortLinkService.go:134.111,137.12 2 0
sanbright/go_shortener/internal/app/service/writeShortLinkService.go:137.12,139.32 2 0
sanbright/go_shortener/internal/app/service/writeShortLinkService.go:139.32,141.18 2 0
sanbright/go_shortener/internal/app/service/writeShortLinkService.go:141.18,149.5 2 0
sanbright/go_shortener/internal/app/service/writeShortLinkService.go:151.4,151.23 1 0
sanbright/go_shortener/internal/app/service/writeShortLinkService.go:155.2,155.14 1 0
sanbright/go_shortener/internal/app/service/writeShortLinkService.go:158.81,162.34 3 0
sanbright/go_shortener/internal/app/service/writeShortLinkService.go:162.34,163.20 1 0
sanbright/go_shortener/internal/app/service/writeShortLinkService.go:163.20,165.4 1 0
sanbright/go_shortener/internal/app/service/writeShortLinkService.go:166.3,166.12 1 0
sanbright/go_shortener/internal/app/service/writeShortLinkService.go:169.2,170.24 2 0
sanbright/go_shortener/internal/app/service/writeShortLinkService.go:170.24,172.3 1 0
sanbright/go_shortener/internal/app/service/writeShortLinkService.go:174.2,174.12 1 0
sanbright/go_shortener/internal/app/service/writeShortLinkService.go:174.12,177.3 2 0
sanbright/go_shortener/internal/app/service/writeShortLinkService.go:179.2,179.14 1 0
sanbright/go_shortener/internal/config/config.go:65.20,67.29 1 1
sanbright/go_shortener/internal/config/config.go:67.29,69.3 1 1
sanbright/go_shortener/internal/config/config.go:71.2,71.23 1 1
sanbright/go_shortener/internal/config/config.go:71.23,73.3 1 1
sanbright/go_shortener/internal/config/config.go:75.2,75.27 1 1
sanbright/go_shortener/internal/config/config.go:75.27,77.3 1 1
sanbright/go_shortener/internal/config/config.go:79.2,79.27 1 1
sanbright/go_shortener/internal/config/config.go:79.27,81.17 2 1
sanbright/go_shortener/internal/config/config.go:81.17,83.4 1 0
sanbright/go_shortener/internal/config/config.go:84.3,84.46 1 1
sanbright/go_shortener/internal/config/config.go:87.2,112.16 21 1
sanbright/go_shortener/internal/config/config.go:112.16,114.3 1 0
sanbright/go_shortener/internal/config/config.go:116.2,118.16 3 1
sanbright/go_shortener/internal/config/config.go:118.16,120.3 1 0
sanbright/go_shortener/internal/config/config.go:122.2,130.8 1 1
sanbright/go_shortener/internal/config/config.go:134.44,136.22 2 1
sanbright/go_shortener/internal/config/config.go:136.22,138.17 2 1
sanbright/go_shortener/internal/config/config.go:138.17,140.4 1 0
sanbright/go_shortener/internal/config/config.go:142.3,142.63 1 1
sanbright/go_shortener/internal/config/config.go:142.63,144.4 1 0
sanbright/go_shortener/internal/config/config.go:147.2,147.19 1 1
sanbright/go_shortener/internal/config/config.go:151.43,156.2 3 1
sanbright/go_shortener/internal/config/config.go:159.51,161.16 2 1
sanbright/go_shortener/internal/config/config.go:161.16,163.3 1 0
sanbright/go_shortener/internal/config/config.go:165.2,168.12 3 1
sanbright/go_shortener/internal/config/config.go:172.60,176.16 2 1
sanbright/go_shortener/internal/config/config.go:176.16,178.3 1 0
sanbright/go_shortener/internal/config/config.go:180.2,181.12 2 1
sanbright/go_shortener/internal/config/config.go:185.40,187.2 1 1
sanbright/go_shortener/internal/config/config.go:190.48,194.2 2 1
sanbright/go_shortener/internal/config/config.go:197.57,200.16 2 1
sanbright/go_shortener/internal/config/config.go:200.16,202.3 1 0
sanbright/go_shortener/internal/config/config.go:204.2,206.12 2 1
